2021-01-26 22:37:46 - info - base.Player - Volker ist jetzt Re
2021-01-26 22:38:43 - info - base.Player - b ist jetzt Re
2021-01-26 22:40:30 - info - base.Player - Volker ist jetzt Kontra
2021-01-26 22:40:30 - info - base.Player - a ist jetzt Kontra
2021-01-26 22:40:30 - info - base.Player - b ist jetzt Kontra
2021-01-26 22:40:30 - info - base.Player - c ist jetzt Kontra
2021-01-26 23:26:15 - info - base.Player - a ist jetzt Re
2021-01-26 23:26:15 - info - base.Player - c ist jetzt Re
2021-01-26 23:27:18 - info - base.Player - Volker ist jetzt Kontra
2021-01-26 23:27:18 - info - base.Player - a ist jetzt Kontra
2021-01-26 23:27:18 - info - base.Player - b ist jetzt Kontra
2021-01-26 23:27:18 - info - base.Player - c ist jetzt Kontra
2021-01-26 23:27:43 - info - base.Player - Volker ist jetzt Re
2021-01-26 23:27:43 - info - base.Player - c ist jetzt Re
2021-01-26 23:28:25 - info - base.Player - Volker ist jetzt Kontra
2021-01-26 23:28:25 - info - base.Player - a ist jetzt Kontra
2021-01-26 23:28:25 - info - base.Player - b ist jetzt Kontra
2021-01-26 23:28:25 - info - base.Player - c ist jetzt Kontra
2021-01-26 23:28:32 - info - base.Player - Volker ist jetzt Re
2021-01-26 23:28:32 - info - base.Player - b ist jetzt Re
2021-01-26 23:29:39 - info - base.Player - Volker ist jetzt Kontra
2021-01-26 23:29:39 - info - base.Player - a ist jetzt Kontra
2021-01-26 23:29:39 - info - base.Player - b ist jetzt Kontra
2021-01-26 23:29:39 - info - base.Player - c ist jetzt Kontra
2021-01-26 23:29:46 - info - base.Player - Volker ist jetzt Re
2021-01-26 23:29:46 - info - base.Player - a ist jetzt Re
2021-01-26 23:30:33 - info - base.Player - Volker ist jetzt Kontra
2021-01-26 23:30:33 - info - base.Player - a ist jetzt Kontra
2021-01-26 23:30:33 - info - base.Player - b ist jetzt Kontra
2021-01-26 23:30:33 - info - base.Player - c ist jetzt Kontra
2021-01-26 23:30:41 - info - base.Player - Volker ist jetzt Re
2021-01-26 23:30:41 - info - base.Player - b ist jetzt Re
2021-01-26 23:31:20 - info - base.Player - Volker ist jetzt Kontra
2021-01-26 23:31:20 - info - base.Player - a ist jetzt Kontra
2021-01-26 23:31:20 - info - base.Player - b ist jetzt Kontra
2021-01-26 23:31:20 - info - base.Player - c ist jetzt Kontra
2021-01-26 23:31:31 - info - base.Player - b ist jetzt Re
2021-01-26 23:31:58 - info - base.Player - a ist jetzt Re
2021-01-26 23:33:00 - info - base.Player - Volker ist jetzt Kontra
2021-01-26 23:33:00 - info - base.Player - a ist jetzt Kontra
2021-01-26 23:33:00 - info - base.Player - b ist jetzt Kontra
2021-01-26 23:33:00 - info - base.Player - c ist jetzt Kontra
2021-01-30 16:09:58 - info - base.Player - Volker ist jetzt Re
2021-01-30 16:09:58 - info - base.Player - a ist jetzt Re
2021-01-30 16:17:40 - info - base.Player - a ist jetzt Re
2021-01-30 16:17:40 - info - base.Player - b ist jetzt Re
2021-01-30 17:26:25 - info - base.Player - Volker ist jetzt Re
2021-01-30 17:26:25 - info - base.Player - b ist jetzt Re
2021-01-30 19:51:41 - info - base.Player - Volker ist jetzt Re
2021-01-30 19:51:41 - info - base.Player - c ist jetzt Re
2021-01-30 20:21:12 - info - base.Player - a ist jetzt Re
2021-01-30 20:21:12 - info - base.Player - b ist jetzt Re
2021-01-30 20:23:46 - info - base.Player - Volker ist jetzt Kontra
2021-01-30 20:23:46 - info - base.Player - a ist jetzt Kontra
2021-01-30 20:23:46 - info - base.Player - b ist jetzt Kontra
2021-01-30 20:23:46 - info - base.Player - c ist jetzt Kontra
2021-01-30 20:41:25 - info - base.Player - a ist jetzt Re
2021-01-30 20:41:25 - info - base.Player - b ist jetzt Re
2021-01-30 20:42:53 - info - base.Player - Volker ist jetzt Kontra
2021-01-30 20:42:53 - info - base.Player - a ist jetzt Kontra
2021-01-30 20:42:53 - info - base.Player - b ist jetzt Kontra
2021-01-30 20:42:53 - info - base.Player - c ist jetzt Kontra
2021-01-30 20:43:05 - info - base.Player - Volker ist jetzt Re
2021-01-30 20:43:25 - info - base.Player - b ist jetzt Re
2021-01-30 20:44:51 - info - base.Player - Volker ist jetzt Kontra
2021-01-30 20:44:51 - info - base.Player - a ist jetzt Kontra
2021-01-30 20:44:51 - info - base.Player - b ist jetzt Kontra
2021-01-30 20:44:51 - info - base.Player - c ist jetzt Kontra
