2021-04-14 23:39:04(41) - info - 27 - ComServer - Creating ServerSocket...
2021-04-14 23:39:04(0) - info - 27 - ComServer - ServerSocket created: 0.0.0.0/0.0.0.0:5000
2021-04-14 23:39:05(127) - info - 27 - ComServer - Connection established
2021-04-14 23:39:05(31) - info - 25 - ComServer - messages to handle: 1
2021-04-14 23:39:05(16) - info - 25 - ComServer - added message: PlayersInLobby
2021-04-14 23:39:05(0) - info - 25 - ComServer - messages to handle: 1
2021-04-14 23:39:05(0) - info - 25 - ComServer - added message: getVersion
2021-04-14 23:39:05(0) - info - 26 - ComServer - {"command":"PlayersInLobby","params":{"players":["Volker"]}}
2021-04-14 23:39:05(0) - info - 26 - ComServer - {"command":"getVersion","params":{"player":"Server","version":"3.3.0"}}
2021-04-14 23:39:07(2406) - info - 27 - ComServer - Connection established
2021-04-14 23:39:07(22) - info - 25 - ComServer - messages to handle: 1
2021-04-14 23:39:07(0) - info - 25 - ComServer - added message: PlayersInLobby
2021-04-14 23:39:07(0) - info - 25 - ComServer - added message: PlayersInLobby
2021-04-14 23:39:07(0) - info - 26 - ComServer - {"command":"PlayersInLobby","params":{"players":["Volker","Thomas"]}}
2021-04-14 23:39:07(0) - info - 26 - ComServer - {"command":"PlayersInLobby","params":{"players":["Volker","Thomas"]}}
2021-04-14 23:39:07(263) - info - 25 - ComServer - messages to handle: 1
2021-04-14 23:39:07(0) - info - 25 - ComServer - added message: getVersion
2021-04-14 23:39:07(16) - info - 26 - ComServer - {"command":"getVersion","params":{"player":"Server","version":"3.3.0"}}
2021-04-14 23:39:14(6705) - info - 27 - ComServer - Connection established
2021-04-14 23:39:14(16) - info - 25 - ComServer - messages to handle: 1
2021-04-14 23:39:14(0) - info - 25 - ComServer - added message: PlayersInLobby
2021-04-14 23:39:14(0) - info - 25 - ComServer - added message: PlayersInLobby
2021-04-14 23:39:14(0) - info - 25 - ComServer - added message: PlayersInLobby
2021-04-14 23:39:14(0) - info - 26 - ComServer - {"command":"PlayersInLobby","params":{"players":["Volker","Thomas","Simon"]}}
2021-04-14 23:39:14(0) - info - 26 - ComServer - {"command":"PlayersInLobby","params":{"players":["Volker","Thomas","Simon"]}}
2021-04-14 23:39:14(15) - info - 26 - ComServer - {"command":"PlayersInLobby","params":{"players":["Volker","Thomas","Simon"]}}
2021-04-14 23:39:14(254) - info - 25 - ComServer - messages to handle: 1
2021-04-14 23:39:14(0) - info - 25 - ComServer - added message: getVersion
2021-04-14 23:39:14(0) - info - 26 - ComServer - {"command":"getVersion","params":{"player":"Server","version":"3.3.0"}}
2021-04-14 23:39:17(2507) - info - 21 - ComServer - added message: startGame
2021-04-14 23:39:17(0) - info - 21 - ComServer - added message: startGame
2021-04-14 23:39:17(15) - info - 21 - ComServer - added message: startGame
2021-04-14 23:39:17(0) - info - 26 - ComServer - {"command":"startGame","params":{"game":"SKAT"}}
2021-04-14 23:39:17(0) - info - 26 - ComServer - {"command":"startGame","params":{"game":"SKAT"}}
2021-04-14 23:39:17(0) - info - 26 - ComServer - {"command":"startGame","params":{"game":"SKAT"}}
2021-04-14 23:39:20(3509) - info - 21 - ComServer - added message: Cards
2021-04-14 23:39:20(0) - info - 21 - ComServer - added message: Cards
2021-04-14 23:39:20(0) - info - 21 - ComServer - added message: Cards
2021-04-14 23:39:20(0) - info - 26 - ComServer - {"command":"Cards","params":{"cards":["Karo 7","Pik Koenig","Karo 8","Karo Koenig","Karo Dame","Pik 10","Pik Dame","Kreuz Ass","Pik Ass","Karo Bube"]}}
2021-04-14 23:39:20(0) - info - 21 - ComServer - added message: Reizen
2021-04-14 23:39:20(0) - info - 26 - ComServer - {"command":"Cards","params":{"cards":["Herz Dame","Pik 9","Herz Koenig","Pik Bube","Kreuz Bube","Herz Bube","Kreuz 7","Kreuz Koenig","Kreuz 9","Herz Ass"]}}
2021-04-14 23:39:20(0) - info - 26 - ComServer - {"command":"Cards","params":{"cards":["Karo Ass","Herz 7","Kreuz Dame","Pik 8","Karo 9","Pik 7","Herz 9","Kreuz 8","Herz 10","Kreuz 10"]}}
2021-04-14 23:39:20(0) - info - 26 - ComServer - {"command":"Reizen","params":{"player":"Thomas","value":0,"active":true}}
2021-04-14 23:39:37(16633) - info - 25 - ComServer - messages to handle: 1
2021-04-14 23:39:37(0) - info - 25 - ComServer - added message: DisplayMessage
2021-04-14 23:39:37(0) - info - 25 - ComServer - added message: DisplayMessage
2021-04-14 23:39:37(0) - info - 25 - ComServer - added message: DisplayMessage
2021-04-14 23:39:37(0) - info - 25 - ComServer - added message: Reizen
2021-04-14 23:39:37(0) - info - 26 - ComServer - {"command":"DisplayMessage","params":{"message":"Thomas sagt 18"}}
2021-04-14 23:39:37(16) - info - 26 - ComServer - {"command":"DisplayMessage","params":{"message":"Thomas sagt 18"}}
2021-04-14 23:39:37(0) - info - 26 - ComServer - {"command":"DisplayMessage","params":{"message":"Thomas sagt 18"}}
2021-04-14 23:39:37(0) - info - 26 - ComServer - {"command":"Reizen","params":{"player":"Volker","value":18,"active":false}}
2021-04-14 23:39:40(3360) - info - 25 - ComServer - messages to handle: 1
2021-04-14 23:39:40(0) - info - 25 - ComServer - added message: DisplayMessage
2021-04-14 23:39:40(0) - info - 25 - ComServer - added message: DisplayMessage
2021-04-14 23:39:40(0) - info - 25 - ComServer - added message: DisplayMessage
2021-04-14 23:39:40(0) - info - 25 - ComServer - added message: Reizen
2021-04-14 23:39:40(0) - info - 26 - ComServer - {"command":"DisplayMessage","params":{"message":"Volker sagt Ja"}}
2021-04-14 23:39:40(0) - info - 26 - ComServer - {"command":"DisplayMessage","params":{"message":"Volker sagt Ja"}}
2021-04-14 23:39:40(15) - info - 26 - ComServer - {"command":"DisplayMessage","params":{"message":"Volker sagt Ja"}}
2021-04-14 23:39:40(0) - info - 26 - ComServer - {"command":"Reizen","params":{"player":"Thomas","value":18,"active":true}}
2021-04-14 23:39:42(1959) - info - 25 - ComServer - messages to handle: 1
2021-04-14 23:39:42(0) - info - 25 - ComServer - added message: DisplayMessage
2021-04-14 23:39:42(0) - info - 25 - ComServer - added message: DisplayMessage
2021-04-14 23:39:42(0) - info - 25 - ComServer - added message: DisplayMessage
2021-04-14 23:39:42(0) - info - 25 - ComServer - added message: Reizen
2021-04-14 23:39:42(0) - info - 26 - ComServer - {"command":"DisplayMessage","params":{"message":"Thomas sagt 20"}}
2021-04-14 23:39:42(15) - info - 26 - ComServer - {"command":"DisplayMessage","params":{"message":"Thomas sagt 20"}}
2021-04-14 23:39:42(0) - info - 26 - ComServer - {"command":"DisplayMessage","params":{"message":"Thomas sagt 20"}}
2021-04-14 23:39:42(0) - info - 26 - ComServer - {"command":"Reizen","params":{"player":"Volker","value":20,"active":false}}
2021-04-14 23:39:44(1713) - info - 25 - ComServer - messages to handle: 1
2021-04-14 23:39:44(0) - info - 25 - ComServer - added message: DisplayMessage
2021-04-14 23:39:44(0) - info - 25 - ComServer - added message: DisplayMessage
2021-04-14 23:39:44(0) - info - 25 - ComServer - added message: DisplayMessage
2021-04-14 23:39:44(0) - info - 25 - ComServer - added message: Reizen
2021-04-14 23:39:44(0) - info - 26 - ComServer - {"command":"DisplayMessage","params":{"message":"Volker sagt Ja"}}
2021-04-14 23:39:44(16) - info - 26 - ComServer - {"command":"DisplayMessage","params":{"message":"Volker sagt Ja"}}
2021-04-14 23:39:44(0) - info - 26 - ComServer - {"command":"DisplayMessage","params":{"message":"Volker sagt Ja"}}
2021-04-14 23:39:44(0) - info - 26 - ComServer - {"command":"Reizen","params":{"player":"Thomas","value":20,"active":true}}
2021-04-14 23:39:46(1610) - info - 25 - ComServer - messages to handle: 1
2021-04-14 23:39:46(16) - info - 25 - ComServer - added message: DisplayMessage
2021-04-14 23:39:46(0) - info - 25 - ComServer - added message: DisplayMessage
2021-04-14 23:39:46(0) - info - 25 - ComServer - added message: DisplayMessage
2021-04-14 23:39:46(0) - info - 25 - ComServer - added message: Reizen
2021-04-14 23:39:46(0) - info - 26 - ComServer - {"command":"DisplayMessage","params":{"message":"Thomas sagt 22"}}
2021-04-14 23:39:46(0) - info - 26 - ComServer - {"command":"DisplayMessage","params":{"message":"Thomas sagt 22"}}
2021-04-14 23:39:46(9) - info - 26 - ComServer - {"command":"DisplayMessage","params":{"message":"Thomas sagt 22"}}
2021-04-14 23:39:46(4) - info - 26 - ComServer - {"command":"Reizen","params":{"player":"Volker","value":22,"active":false}}
2021-04-14 23:39:47(1158) - info - 25 - ComServer - messages to handle: 1
2021-04-14 23:39:47(16) - info - 25 - ComServer - added message: DisplayMessage
2021-04-14 23:39:47(0) - info - 25 - ComServer - added message: DisplayMessage
2021-04-14 23:39:47(0) - info - 25 - ComServer - added message: DisplayMessage
2021-04-14 23:39:47(0) - info - 25 - ComServer - added message: Reizen
2021-04-14 23:39:47(0) - info - 26 - ComServer - {"command":"DisplayMessage","params":{"message":"Volker sagt Ja"}}
2021-04-14 23:39:47(0) - info - 26 - ComServer - {"command":"DisplayMessage","params":{"message":"Volker sagt Ja"}}
2021-04-14 23:39:47(0) - info - 26 - ComServer - {"command":"DisplayMessage","params":{"message":"Volker sagt Ja"}}
2021-04-14 23:39:47(0) - info - 26 - ComServer - {"command":"Reizen","params":{"player":"Thomas","value":22,"active":true}}
2021-04-14 23:39:48(1419) - info - 25 - ComServer - messages to handle: 1
2021-04-14 23:39:48(0) - info - 25 - ComServer - added message: DisplayMessage
2021-04-14 23:39:48(0) - info - 25 - ComServer - added message: DisplayMessage
2021-04-14 23:39:48(0) - info - 25 - ComServer - added message: DisplayMessage
2021-04-14 23:39:48(0) - info - 25 - ComServer - added message: Reizen
2021-04-14 23:39:48(0) - info - 26 - ComServer - {"command":"DisplayMessage","params":{"message":"Thomas sagt 23"}}
2021-04-14 23:39:48(0) - info - 26 - ComServer - {"command":"DisplayMessage","params":{"message":"Thomas sagt 23"}}
2021-04-14 23:39:48(0) - info - 26 - ComServer - {"command":"DisplayMessage","params":{"message":"Thomas sagt 23"}}
2021-04-14 23:39:48(15) - info - 26 - ComServer - {"command":"Reizen","params":{"player":"Volker","value":23,"active":false}}
2021-04-14 23:39:49(1055) - info - 25 - ComServer - messages to handle: 1
2021-04-14 23:39:49(0) - info - 25 - ComServer - added message: DisplayMessage
2021-04-14 23:39:49(0) - info - 25 - ComServer - added message: DisplayMessage
2021-04-14 23:39:49(0) - info - 25 - ComServer - added message: DisplayMessage
2021-04-14 23:39:49(0) - info - 25 - ComServer - added message: Reizen
2021-04-14 23:39:49(0) - info - 26 - ComServer - {"command":"DisplayMessage","params":{"message":"Volker sagt Ja"}}
2021-04-14 23:39:49(0) - info - 26 - ComServer - {"command":"DisplayMessage","params":{"message":"Volker sagt Ja"}}
2021-04-14 23:39:49(0) - info - 26 - ComServer - {"command":"DisplayMessage","params":{"message":"Volker sagt Ja"}}
2021-04-14 23:39:49(16) - info - 26 - ComServer - {"command":"Reizen","params":{"player":"Thomas","value":23,"active":true}}
2021-04-14 23:39:51(1187) - info - 25 - ComServer - messages to handle: 1
2021-04-14 23:39:51(0) - info - 25 - ComServer - added message: DisplayMessage
2021-04-14 23:39:51(15) - info - 25 - ComServer - added message: DisplayMessage
2021-04-14 23:39:51(3) - info - 25 - ComServer - added message: DisplayMessage
2021-04-14 23:39:51(1) - info - 25 - ComServer - added message: Reizen
2021-04-14 23:39:51(1) - info - 26 - ComServer - {"command":"DisplayMessage","params":{"message":"Thomas sagt 24"}}
2021-04-14 23:39:51(1) - info - 26 - ComServer - {"command":"DisplayMessage","params":{"message":"Thomas sagt 24"}}
2021-04-14 23:39:51(1) - info - 26 - ComServer - {"command":"DisplayMessage","params":{"message":"Thomas sagt 24"}}
2021-04-14 23:39:51(0) - info - 26 - ComServer - {"command":"Reizen","params":{"player":"Volker","value":24,"active":false}}
2021-04-14 23:39:52(1196) - info - 25 - ComServer - messages to handle: 1
2021-04-14 23:39:52(0) - info - 25 - ComServer - added message: DisplayMessage
2021-04-14 23:39:52(0) - info - 25 - ComServer - added message: DisplayMessage
2021-04-14 23:39:52(0) - info - 25 - ComServer - added message: DisplayMessage
2021-04-14 23:39:52(0) - info - 25 - ComServer - added message: Reizen
2021-04-14 23:39:52(0) - info - 26 - ComServer - {"command":"DisplayMessage","params":{"message":"Volker sagt Ja"}}
2021-04-14 23:39:52(16) - info - 26 - ComServer - {"command":"DisplayMessage","params":{"message":"Volker sagt Ja"}}
2021-04-14 23:39:52(9) - info - 26 - ComServer - {"command":"DisplayMessage","params":{"message":"Volker sagt Ja"}}
2021-04-14 23:39:52(2) - info - 26 - ComServer - {"command":"Reizen","params":{"player":"Thomas","value":24,"active":true}}
2021-04-14 23:39:53(1129) - info - 25 - ComServer - messages to handle: 1
2021-04-14 23:39:53(0) - info - 25 - ComServer - added message: DisplayMessage
2021-04-14 23:39:53(0) - info - 25 - ComServer - added message: DisplayMessage
2021-04-14 23:39:53(0) - info - 25 - ComServer - added message: DisplayMessage
2021-04-14 23:39:53(16) - info - 25 - ComServer - added message: Reizen
2021-04-14 23:39:53(0) - info - 26 - ComServer - {"command":"DisplayMessage","params":{"message":"Thomas sagt 27"}}
2021-04-14 23:39:53(0) - info - 26 - ComServer - {"command":"DisplayMessage","params":{"message":"Thomas sagt 27"}}
2021-04-14 23:39:53(4) - info - 26 - ComServer - {"command":"DisplayMessage","params":{"message":"Thomas sagt 27"}}
2021-04-14 23:39:53(4) - info - 26 - ComServer - {"command":"Reizen","params":{"player":"Volker","value":27,"active":false}}
2021-04-14 23:39:54(1278) - info - 25 - ComServer - messages to handle: 1
2021-04-14 23:39:54(16) - info - 25 - ComServer - added message: DisplayMessage
2021-04-14 23:39:54(0) - info - 25 - ComServer - added message: DisplayMessage
2021-04-14 23:39:54(0) - info - 25 - ComServer - added message: DisplayMessage
2021-04-14 23:39:54(0) - info - 25 - ComServer - added message: Reizen
2021-04-14 23:39:54(0) - info - 26 - ComServer - {"command":"DisplayMessage","params":{"message":"Volker sagt Ja"}}
2021-04-14 23:39:54(0) - info - 26 - ComServer - {"command":"DisplayMessage","params":{"message":"Volker sagt Ja"}}
2021-04-14 23:39:54(0) - info - 26 - ComServer - {"command":"DisplayMessage","params":{"message":"Volker sagt Ja"}}
2021-04-14 23:39:54(0) - info - 26 - ComServer - {"command":"Reizen","params":{"player":"Thomas","value":27,"active":true}}
2021-04-14 23:39:55(1033) - info - 25 - ComServer - messages to handle: 1
2021-04-14 23:39:55(0) - info - 25 - ComServer - added message: DisplayMessage
2021-04-14 23:39:55(0) - info - 25 - ComServer - added message: DisplayMessage
2021-04-14 23:39:55(0) - info - 25 - ComServer - added message: DisplayMessage
2021-04-14 23:39:55(0) - info - 25 - ComServer - added message: Reizen
2021-04-14 23:39:55(0) - info - 26 - ComServer - {"command":"DisplayMessage","params":{"message":"Thomas sagt 30"}}
2021-04-14 23:39:55(0) - info - 26 - ComServer - {"command":"DisplayMessage","params":{"message":"Thomas sagt 30"}}
2021-04-14 23:39:55(17) - info - 26 - ComServer - {"command":"DisplayMessage","params":{"message":"Thomas sagt 30"}}
2021-04-14 23:39:55(4) - info - 26 - ComServer - {"command":"Reizen","params":{"player":"Volker","value":30,"active":false}}
2021-04-14 23:39:56(1029) - info - 25 - ComServer - messages to handle: 1
2021-04-14 23:39:56(0) - info - 25 - ComServer - added message: DisplayMessage
2021-04-14 23:39:56(0) - info - 25 - ComServer - added message: DisplayMessage
2021-04-14 23:39:56(6) - info - 25 - ComServer - added message: DisplayMessage
2021-04-14 23:39:56(0) - info - 25 - ComServer - added message: Reizen
2021-04-14 23:39:56(0) - info - 26 - ComServer - {"command":"DisplayMessage","params":{"message":"Volker sagt Ja"}}
2021-04-14 23:39:56(0) - info - 26 - ComServer - {"command":"DisplayMessage","params":{"message":"Volker sagt Ja"}}
2021-04-14 23:39:56(4) - info - 26 - ComServer - {"command":"DisplayMessage","params":{"message":"Volker sagt Ja"}}
2021-04-14 23:39:56(0) - info - 26 - ComServer - {"command":"Reizen","params":{"player":"Thomas","value":30,"active":true}}
2021-04-14 23:39:57(1130) - info - 25 - ComServer - messages to handle: 1
2021-04-14 23:39:57(15) - info - 25 - ComServer - added message: DisplayMessage
2021-04-14 23:39:57(0) - info - 25 - ComServer - added message: DisplayMessage
2021-04-14 23:39:57(0) - info - 25 - ComServer - added message: DisplayMessage
2021-04-14 23:39:57(0) - info - 25 - ComServer - added message: Reizen
2021-04-14 23:39:57(0) - info - 26 - ComServer - {"command":"DisplayMessage","params":{"message":"Thomas sagt 33"}}
2021-04-14 23:39:57(0) - info - 26 - ComServer - {"command":"DisplayMessage","params":{"message":"Thomas sagt 33"}}
2021-04-14 23:39:57(0) - info - 26 - ComServer - {"command":"DisplayMessage","params":{"message":"Thomas sagt 33"}}
2021-04-14 23:39:57(0) - info - 26 - ComServer - {"command":"Reizen","params":{"player":"Volker","value":33,"active":false}}
2021-04-14 23:39:58(987) - info - 25 - ComServer - messages to handle: 1
2021-04-14 23:39:58(16) - info - 25 - ComServer - added message: DisplayMessage
2021-04-14 23:39:58(0) - info - 25 - ComServer - added message: DisplayMessage
2021-04-14 23:39:58(0) - info - 25 - ComServer - added message: DisplayMessage
2021-04-14 23:39:58(0) - info - 25 - ComServer - added message: Reizen
2021-04-14 23:39:58(0) - info - 26 - ComServer - {"command":"DisplayMessage","params":{"message":"Volker sagt Ja"}}
2021-04-14 23:39:58(0) - info - 26 - ComServer - {"command":"DisplayMessage","params":{"message":"Volker sagt Ja"}}
2021-04-14 23:39:58(0) - info - 26 - ComServer - {"command":"DisplayMessage","params":{"message":"Volker sagt Ja"}}
2021-04-14 23:39:58(11) - info - 26 - ComServer - {"command":"Reizen","params":{"player":"Thomas","value":33,"active":true}}
2021-04-14 23:40:00(1107) - info - 25 - ComServer - messages to handle: 1
2021-04-14 23:40:00(0) - info - 25 - ComServer - added message: DisplayMessage
2021-04-14 23:40:00(0) - info - 25 - ComServer - added message: DisplayMessage
2021-04-14 23:40:00(15) - info - 25 - ComServer - added message: DisplayMessage
2021-04-14 23:40:00(0) - info - 25 - ComServer - added message: Reizen
2021-04-14 23:40:00(3) - info - 26 - ComServer - {"command":"DisplayMessage","params":{"message":"Thomas sagt 35"}}
2021-04-14 23:40:00(1) - info - 26 - ComServer - {"command":"DisplayMessage","params":{"message":"Thomas sagt 35"}}
2021-04-14 23:40:00(1) - info - 26 - ComServer - {"command":"DisplayMessage","params":{"message":"Thomas sagt 35"}}
2021-04-14 23:40:00(2) - info - 26 - ComServer - {"command":"Reizen","params":{"player":"Volker","value":35,"active":false}}
2021-04-14 23:40:01(932) - info - 25 - ComServer - messages to handle: 1
2021-04-14 23:40:01(0) - info - 25 - ComServer - added message: DisplayMessage
2021-04-14 23:40:01(0) - info - 25 - ComServer - added message: DisplayMessage
2021-04-14 23:40:01(0) - info - 25 - ComServer - added message: DisplayMessage
2021-04-14 23:40:01(0) - info - 25 - ComServer - added message: Reizen
2021-04-14 23:40:01(0) - info - 26 - ComServer - {"command":"DisplayMessage","params":{"message":"Volker sagt Ja"}}
2021-04-14 23:40:01(0) - info - 26 - ComServer - {"command":"DisplayMessage","params":{"message":"Volker sagt Ja"}}
2021-04-14 23:40:01(0) - info - 26 - ComServer - {"command":"DisplayMessage","params":{"message":"Volker sagt Ja"}}
2021-04-14 23:40:01(0) - info - 26 - ComServer - {"command":"Reizen","params":{"player":"Thomas","value":35,"active":true}}
2021-04-14 23:40:02(1002) - info - 25 - ComServer - messages to handle: 1
2021-04-14 23:40:02(0) - info - 25 - ComServer - added message: DisplayMessage
2021-04-14 23:40:02(0) - info - 25 - ComServer - added message: DisplayMessage
2021-04-14 23:40:02(0) - info - 25 - ComServer - added message: DisplayMessage
2021-04-14 23:40:02(0) - info - 25 - ComServer - added message: Reizen
2021-04-14 23:40:02(0) - info - 26 - ComServer - {"command":"DisplayMessage","params":{"message":"Thomas sagt 36"}}
2021-04-14 23:40:02(0) - info - 26 - ComServer - {"command":"DisplayMessage","params":{"message":"Thomas sagt 36"}}
2021-04-14 23:40:02(0) - info - 26 - ComServer - {"command":"DisplayMessage","params":{"message":"Thomas sagt 36"}}
2021-04-14 23:40:02(0) - info - 26 - ComServer - {"command":"Reizen","params":{"player":"Volker","value":36,"active":false}}
2021-04-14 23:40:03(1086) - info - 25 - ComServer - messages to handle: 1
2021-04-14 23:40:03(0) - info - 25 - ComServer - added message: DisplayMessage
2021-04-14 23:40:03(0) - info - 25 - ComServer - added message: DisplayMessage
2021-04-14 23:40:03(0) - info - 25 - ComServer - added message: DisplayMessage
2021-04-14 23:40:03(16) - info - 25 - ComServer - added message: Reizen
2021-04-14 23:40:03(0) - info - 26 - ComServer - {"command":"DisplayMessage","params":{"message":"Volker sagt Ja"}}
2021-04-14 23:40:03(0) - info - 26 - ComServer - {"command":"DisplayMessage","params":{"message":"Volker sagt Ja"}}
2021-04-14 23:40:03(5) - info - 26 - ComServer - {"command":"DisplayMessage","params":{"message":"Volker sagt Ja"}}
2021-04-14 23:40:03(0) - info - 26 - ComServer - {"command":"Reizen","params":{"player":"Thomas","value":36,"active":true}}
2021-04-14 23:40:04(1079) - info - 25 - ComServer - messages to handle: 1
2021-04-14 23:40:04(3) - info - 25 - ComServer - added message: DisplayMessage
2021-04-14 23:40:04(0) - info - 25 - ComServer - added message: DisplayMessage
2021-04-14 23:40:04(0) - info - 25 - ComServer - added message: DisplayMessage
2021-04-14 23:40:04(0) - info - 25 - ComServer - added message: Reizen
2021-04-14 23:40:04(0) - info - 26 - ComServer - {"command":"DisplayMessage","params":{"message":"Thomas sagt 40"}}
2021-04-14 23:40:04(0) - info - 26 - ComServer - {"command":"DisplayMessage","params":{"message":"Thomas sagt 40"}}
2021-04-14 23:40:04(0) - info - 26 - ComServer - {"command":"DisplayMessage","params":{"message":"Thomas sagt 40"}}
2021-04-14 23:40:04(0) - info - 26 - ComServer - {"command":"Reizen","params":{"player":"Volker","value":40,"active":false}}
2021-04-14 23:40:05(981) - info - 25 - ComServer - messages to handle: 1
2021-04-14 23:40:05(0) - info - 25 - ComServer - added message: DisplayMessage
2021-04-14 23:40:05(0) - info - 25 - ComServer - added message: DisplayMessage
2021-04-14 23:40:05(0) - info - 25 - ComServer - added message: DisplayMessage
2021-04-14 23:40:05(16) - info - 25 - ComServer - added message: Reizen
2021-04-14 23:40:05(1) - info - 26 - ComServer - {"command":"DisplayMessage","params":{"message":"Volker sagt Ja"}}
2021-04-14 23:40:05(1) - info - 26 - ComServer - {"command":"DisplayMessage","params":{"message":"Volker sagt Ja"}}
2021-04-14 23:40:05(1) - info - 26 - ComServer - {"command":"DisplayMessage","params":{"message":"Volker sagt Ja"}}
2021-04-14 23:40:05(1) - info - 26 - ComServer - {"command":"Reizen","params":{"player":"Thomas","value":40,"active":true}}
2021-04-14 23:40:06(865) - info - 25 - ComServer - messages to handle: 1
2021-04-14 23:40:06(0) - info - 25 - ComServer - added message: DisplayMessage
2021-04-14 23:40:06(0) - info - 25 - ComServer - added message: DisplayMessage
2021-04-14 23:40:06(0) - info - 25 - ComServer - added message: DisplayMessage
2021-04-14 23:40:06(0) - info - 25 - ComServer - added message: Reizen
2021-04-14 23:40:06(0) - info - 26 - ComServer - {"command":"DisplayMessage","params":{"message":"Thomas sagt 44"}}
2021-04-14 23:40:06(0) - info - 26 - ComServer - {"command":"DisplayMessage","params":{"message":"Thomas sagt 44"}}
2021-04-14 23:40:06(0) - info - 26 - ComServer - {"command":"DisplayMessage","params":{"message":"Thomas sagt 44"}}
2021-04-14 23:40:06(16) - info - 26 - ComServer - {"command":"Reizen","params":{"player":"Volker","value":44,"active":false}}
2021-04-14 23:40:06(855) - info - 25 - ComServer - messages to handle: 1
2021-04-14 23:40:06(16) - info - 25 - ComServer - added message: DisplayMessage
2021-04-14 23:40:06(0) - info - 25 - ComServer - added message: DisplayMessage
2021-04-14 23:40:06(0) - info - 25 - ComServer - added message: DisplayMessage
2021-04-14 23:40:06(0) - info - 25 - ComServer - added message: Reizen
2021-04-14 23:40:06(0) - info - 26 - ComServer - {"command":"DisplayMessage","params":{"message":"Volker sagt Ja"}}
2021-04-14 23:40:06(0) - info - 26 - ComServer - {"command":"DisplayMessage","params":{"message":"Volker sagt Ja"}}
2021-04-14 23:40:06(0) - info - 26 - ComServer - {"command":"DisplayMessage","params":{"message":"Volker sagt Ja"}}
2021-04-14 23:40:06(0) - info - 26 - ComServer - {"command":"Reizen","params":{"player":"Thomas","value":44,"active":true}}
2021-04-14 23:40:08(1045) - info - 25 - ComServer - messages to handle: 1
2021-04-14 23:40:08(0) - info - 25 - ComServer - added message: DisplayMessage
2021-04-14 23:40:08(0) - info - 25 - ComServer - added message: DisplayMessage
2021-04-14 23:40:08(0) - info - 25 - ComServer - added message: DisplayMessage
2021-04-14 23:40:08(0) - info - 25 - ComServer - added message: Reizen
2021-04-14 23:40:08(9) - info - 26 - ComServer - {"command":"DisplayMessage","params":{"message":"Thomas sagt 45"}}
2021-04-14 23:40:08(0) - info - 26 - ComServer - {"command":"DisplayMessage","params":{"message":"Thomas sagt 45"}}
2021-04-14 23:40:08(0) - info - 26 - ComServer - {"command":"DisplayMessage","params":{"message":"Thomas sagt 45"}}
2021-04-14 23:40:08(0) - info - 26 - ComServer - {"command":"Reizen","params":{"player":"Volker","value":45,"active":false}}
2021-04-14 23:40:09(1303) - info - 25 - ComServer - messages to handle: 1
2021-04-14 23:40:09(0) - info - 25 - ComServer - added message: DisplayMessage
2021-04-14 23:40:09(0) - info - 25 - ComServer - added message: DisplayMessage
2021-04-14 23:40:09(0) - info - 25 - ComServer - added message: DisplayMessage
2021-04-14 23:40:09(0) - info - 25 - ComServer - added message: Reizen
2021-04-14 23:40:09(0) - info - 26 - ComServer - {"command":"DisplayMessage","params":{"message":"Volker sagt Ja"}}
2021-04-14 23:40:09(0) - info - 26 - ComServer - {"command":"DisplayMessage","params":{"message":"Volker sagt Ja"}}
2021-04-14 23:40:09(0) - info - 26 - ComServer - {"command":"DisplayMessage","params":{"message":"Volker sagt Ja"}}
2021-04-14 23:40:09(0) - info - 26 - ComServer - {"command":"Reizen","params":{"player":"Thomas","value":45,"active":true}}
2021-04-14 23:40:10(1265) - info - 25 - ComServer - messages to handle: 1
2021-04-14 23:40:10(0) - info - 25 - ComServer - added message: DisplayMessage
2021-04-14 23:40:10(0) - info - 25 - ComServer - added message: DisplayMessage
2021-04-14 23:40:10(0) - info - 25 - ComServer - added message: DisplayMessage
2021-04-14 23:40:10(0) - info - 25 - ComServer - added message: Reizen
2021-04-14 23:40:10(0) - info - 26 - ComServer - {"command":"DisplayMessage","params":{"message":"Thomas sagt 46"}}
2021-04-14 23:40:10(17) - info - 26 - ComServer - {"command":"DisplayMessage","params":{"message":"Thomas sagt 46"}}
2021-04-14 23:40:10(0) - info - 26 - ComServer - {"command":"DisplayMessage","params":{"message":"Thomas sagt 46"}}
2021-04-14 23:40:10(6) - info - 26 - ComServer - {"command":"Reizen","params":{"player":"Volker","value":46,"active":false}}
2021-04-14 23:40:11(964) - info - 25 - ComServer - messages to handle: 1
2021-04-14 23:40:11(0) - info - 25 - ComServer - added message: DisplayMessage
2021-04-14 23:40:11(0) - info - 25 - ComServer - added message: DisplayMessage
2021-04-14 23:40:11(0) - info - 25 - ComServer - added message: DisplayMessage
2021-04-14 23:40:11(0) - info - 25 - ComServer - added message: Reizen
2021-04-14 23:40:11(0) - info - 26 - ComServer - {"command":"DisplayMessage","params":{"message":"Volker sagt Ja"}}
2021-04-14 23:40:11(0) - info - 26 - ComServer - {"command":"DisplayMessage","params":{"message":"Volker sagt Ja"}}
2021-04-14 23:40:11(0) - info - 26 - ComServer - {"command":"DisplayMessage","params":{"message":"Volker sagt Ja"}}
2021-04-14 23:40:11(0) - info - 26 - ComServer - {"command":"Reizen","params":{"player":"Thomas","value":46,"active":true}}
2021-04-14 23:40:12(1036) - info - 25 - ComServer - messages to handle: 1
2021-04-14 23:40:12(0) - info - 25 - ComServer - added message: DisplayMessage
2021-04-14 23:40:12(0) - info - 25 - ComServer - added message: DisplayMessage
2021-04-14 23:40:12(0) - info - 25 - ComServer - added message: DisplayMessage
2021-04-14 23:40:12(0) - info - 25 - ComServer - added message: Reizen
2021-04-14 23:40:12(0) - info - 26 - ComServer - {"command":"DisplayMessage","params":{"message":"Thomas sagt 48"}}
2021-04-14 23:40:12(0) - info - 26 - ComServer - {"command":"DisplayMessage","params":{"message":"Thomas sagt 48"}}
2021-04-14 23:40:12(0) - info - 26 - ComServer - {"command":"DisplayMessage","params":{"message":"Thomas sagt 48"}}
2021-04-14 23:40:12(18) - info - 26 - ComServer - {"command":"Reizen","params":{"player":"Volker","value":48,"active":false}}
2021-04-14 23:40:13(1180) - info - 25 - ComServer - messages to handle: 1
2021-04-14 23:40:13(0) - info - 25 - ComServer - added message: DisplayMessage
2021-04-14 23:40:13(0) - info - 25 - ComServer - added message: DisplayMessage
2021-04-14 23:40:13(0) - info - 25 - ComServer - added message: DisplayMessage
2021-04-14 23:40:13(0) - info - 25 - ComServer - added message: Reizen
2021-04-14 23:40:13(0) - info - 26 - ComServer - {"command":"DisplayMessage","params":{"message":"Volker sagt Ja"}}
2021-04-14 23:40:13(0) - info - 26 - ComServer - {"command":"DisplayMessage","params":{"message":"Volker sagt Ja"}}
2021-04-14 23:40:13(0) - info - 26 - ComServer - {"command":"DisplayMessage","params":{"message":"Volker sagt Ja"}}
2021-04-14 23:40:13(0) - info - 26 - ComServer - {"command":"Reizen","params":{"player":"Thomas","value":48,"active":true}}
2021-04-14 23:40:15(1203) - info - 25 - ComServer - messages to handle: 1
2021-04-14 23:40:15(0) - info - 25 - ComServer - added message: DisplayMessage
2021-04-14 23:40:15(0) - info - 25 - ComServer - added message: DisplayMessage
2021-04-14 23:40:15(0) - info - 25 - ComServer - added message: DisplayMessage
2021-04-14 23:40:15(0) - info - 25 - ComServer - added message: Reizen
2021-04-14 23:40:15(0) - info - 26 - ComServer - {"command":"DisplayMessage","params":{"message":"Thomas sagt 50"}}
2021-04-14 23:40:15(0) - info - 26 - ComServer - {"command":"DisplayMessage","params":{"message":"Thomas sagt 50"}}
2021-04-14 23:40:15(0) - info - 26 - ComServer - {"command":"DisplayMessage","params":{"message":"Thomas sagt 50"}}
2021-04-14 23:40:15(16) - info - 26 - ComServer - {"command":"Reizen","params":{"player":"Volker","value":50,"active":false}}
2021-04-14 23:40:17(2058) - info - 25 - ComServer - messages to handle: 1
2021-04-14 23:40:17(0) - info - 25 - ComServer - added message: DisplayMessage
2021-04-14 23:40:17(0) - info - 25 - ComServer - added message: DisplayMessage
2021-04-14 23:40:17(0) - info - 25 - ComServer - added message: DisplayMessage
2021-04-14 23:40:17(0) - info - 25 - ComServer - added message: Reizen
2021-04-14 23:40:17(0) - info - 26 - ComServer - {"command":"DisplayMessage","params":{"message":"Volker sagt Ja"}}
2021-04-14 23:40:17(0) - info - 26 - ComServer - {"command":"DisplayMessage","params":{"message":"Volker sagt Ja"}}
2021-04-14 23:40:17(0) - info - 26 - ComServer - {"command":"DisplayMessage","params":{"message":"Volker sagt Ja"}}
2021-04-14 23:40:17(16) - info - 26 - ComServer - {"command":"Reizen","params":{"player":"Thomas","value":50,"active":true}}
2021-04-14 23:40:18(1704) - info - 25 - ComServer - messages to handle: 1
2021-04-14 23:40:18(16) - info - 25 - ComServer - added message: DisplayMessage
2021-04-14 23:40:18(0) - info - 25 - ComServer - added message: DisplayMessage
2021-04-14 23:40:18(0) - info - 25 - ComServer - added message: DisplayMessage
2021-04-14 23:40:18(0) - info - 25 - ComServer - added message: Reizen
2021-04-14 23:40:18(0) - info - 26 - ComServer - {"command":"DisplayMessage","params":{"message":"Thomas sagt 54"}}
2021-04-14 23:40:18(0) - info - 26 - ComServer - {"command":"DisplayMessage","params":{"message":"Thomas sagt 54"}}
2021-04-14 23:40:18(8) - info - 26 - ComServer - {"command":"DisplayMessage","params":{"message":"Thomas sagt 54"}}
2021-04-14 23:40:18(2) - info - 26 - ComServer - {"command":"Reizen","params":{"player":"Volker","value":54,"active":false}}
2021-04-14 23:40:20(1191) - info - 25 - ComServer - messages to handle: 1
2021-04-14 23:40:20(0) - info - 25 - ComServer - added message: DisplayMessage
2021-04-14 23:40:20(0) - info - 25 - ComServer - added message: DisplayMessage
2021-04-14 23:40:20(0) - info - 25 - ComServer - added message: DisplayMessage
2021-04-14 23:40:20(0) - info - 25 - ComServer - added message: Reizen
2021-04-14 23:40:20(0) - info - 26 - ComServer - {"command":"DisplayMessage","params":{"message":"Volker sagt Ja"}}
2021-04-14 23:40:20(0) - info - 26 - ComServer - {"command":"DisplayMessage","params":{"message":"Volker sagt Ja"}}
2021-04-14 23:40:20(0) - info - 26 - ComServer - {"command":"DisplayMessage","params":{"message":"Volker sagt Ja"}}
2021-04-14 23:40:20(0) - info - 26 - ComServer - {"command":"Reizen","params":{"player":"Thomas","value":54,"active":true}}
2021-04-14 23:40:21(1455) - info - 25 - ComServer - messages to handle: 1
2021-04-14 23:40:21(0) - info - 25 - ComServer - added message: DisplayMessage
2021-04-14 23:40:21(0) - info - 25 - ComServer - added message: DisplayMessage
2021-04-14 23:40:21(0) - info - 25 - ComServer - added message: DisplayMessage
2021-04-14 23:40:21(0) - info - 25 - ComServer - added message: Reizen
2021-04-14 23:40:21(0) - info - 26 - ComServer - {"command":"DisplayMessage","params":{"message":"Thomas sagt 55"}}
2021-04-14 23:40:21(0) - info - 26 - ComServer - {"command":"DisplayMessage","params":{"message":"Thomas sagt 55"}}
2021-04-14 23:40:21(0) - info - 26 - ComServer - {"command":"DisplayMessage","params":{"message":"Thomas sagt 55"}}
2021-04-14 23:40:21(16) - info - 26 - ComServer - {"command":"Reizen","params":{"player":"Volker","value":55,"active":false}}
2021-04-14 23:40:22(1405) - info - 25 - ComServer - messages to handle: 1
2021-04-14 23:40:22(0) - info - 25 - ComServer - added message: DisplayMessage
2021-04-14 23:40:22(0) - info - 25 - ComServer - added message: DisplayMessage
2021-04-14 23:40:22(0) - info - 25 - ComServer - added message: DisplayMessage
2021-04-14 23:40:22(0) - info - 25 - ComServer - added message: Reizen
2021-04-14 23:40:22(0) - info - 26 - ComServer - {"command":"DisplayMessage","params":{"message":"Volker sagt Ja"}}
2021-04-14 23:40:22(0) - info - 26 - ComServer - {"command":"DisplayMessage","params":{"message":"Volker sagt Ja"}}
2021-04-14 23:40:22(0) - info - 26 - ComServer - {"command":"DisplayMessage","params":{"message":"Volker sagt Ja"}}
2021-04-14 23:40:22(12) - info - 26 - ComServer - {"command":"Reizen","params":{"player":"Thomas","value":55,"active":true}}
2021-04-14 23:40:24(1280) - info - 25 - ComServer - messages to handle: 1
2021-04-14 23:40:24(16) - info - 25 - ComServer - added message: DisplayMessage
2021-04-14 23:40:24(0) - info - 25 - ComServer - added message: DisplayMessage
2021-04-14 23:40:24(0) - info - 25 - ComServer - added message: DisplayMessage
2021-04-14 23:40:24(3) - info - 25 - ComServer - added message: Reizen
2021-04-14 23:40:24(1) - info - 26 - ComServer - {"command":"DisplayMessage","params":{"message":"Thomas sagt 59"}}
2021-04-14 23:40:24(1) - info - 26 - ComServer - {"command":"DisplayMessage","params":{"message":"Thomas sagt 59"}}
2021-04-14 23:40:24(1) - info - 26 - ComServer - {"command":"DisplayMessage","params":{"message":"Thomas sagt 59"}}
2021-04-14 23:40:24(1) - info - 26 - ComServer - {"command":"Reizen","params":{"player":"Volker","value":59,"active":false}}
2021-04-14 23:40:25(1232) - info - 25 - ComServer - messages to handle: 1
2021-04-14 23:40:25(0) - info - 25 - ComServer - added message: DisplayMessage
2021-04-14 23:40:25(0) - info - 25 - ComServer - added message: DisplayMessage
2021-04-14 23:40:25(0) - info - 25 - ComServer - added message: DisplayMessage
2021-04-14 23:40:25(0) - info - 25 - ComServer - added message: Reizen
2021-04-14 23:40:25(0) - info - 26 - ComServer - {"command":"DisplayMessage","params":{"message":"Volker sagt Ja"}}
2021-04-14 23:40:25(0) - info - 26 - ComServer - {"command":"DisplayMessage","params":{"message":"Volker sagt Ja"}}
2021-04-14 23:40:25(0) - info - 26 - ComServer - {"command":"DisplayMessage","params":{"message":"Volker sagt Ja"}}
2021-04-14 23:40:25(17) - info - 26 - ComServer - {"command":"Reizen","params":{"player":"Thomas","value":59,"active":true}}
2021-04-14 23:40:26(1085) - info - 25 - ComServer - messages to handle: 1
2021-04-14 23:40:26(0) - info - 25 - ComServer - added message: DisplayMessage
2021-04-14 23:40:26(0) - info - 25 - ComServer - added message: DisplayMessage
2021-04-14 23:40:26(0) - info - 25 - ComServer - added message: DisplayMessage
2021-04-14 23:40:26(16) - info - 25 - ComServer - added message: Reizen
2021-04-14 23:40:26(0) - info - 26 - ComServer - {"command":"DisplayMessage","params":{"message":"Thomas sagt 60"}}
2021-04-14 23:40:26(3) - info - 26 - ComServer - {"command":"DisplayMessage","params":{"message":"Thomas sagt 60"}}
2021-04-14 23:40:26(1) - info - 26 - ComServer - {"command":"DisplayMessage","params":{"message":"Thomas sagt 60"}}
2021-04-14 23:40:26(2) - info - 26 - ComServer - {"command":"Reizen","params":{"player":"Volker","value":60,"active":false}}
2021-04-14 23:40:27(1081) - info - 25 - ComServer - messages to handle: 1
2021-04-14 23:40:27(0) - info - 25 - ComServer - added message: DisplayMessage
2021-04-14 23:40:27(0) - info - 25 - ComServer - added message: DisplayMessage
2021-04-14 23:40:27(0) - info - 25 - ComServer - added message: DisplayMessage
2021-04-14 23:40:27(16) - info - 25 - ComServer - added message: Reizen
2021-04-14 23:40:27(1) - info - 26 - ComServer - {"command":"DisplayMessage","params":{"message":"Volker sagt Ja"}}
2021-04-14 23:40:27(3) - info - 26 - ComServer - {"command":"DisplayMessage","params":{"message":"Volker sagt Ja"}}
2021-04-14 23:40:27(2) - info - 26 - ComServer - {"command":"DisplayMessage","params":{"message":"Volker sagt Ja"}}
2021-04-14 23:40:27(1) - info - 26 - ComServer - {"command":"Reizen","params":{"player":"Thomas","value":60,"active":true}}
2021-04-14 23:40:28(926) - info - 25 - ComServer - messages to handle: 1
2021-04-14 23:40:28(15) - info - 25 - ComServer - added message: DisplayMessage
2021-04-14 23:40:28(0) - info - 25 - ComServer - added message: DisplayMessage
2021-04-14 23:40:28(0) - info - 25 - ComServer - added message: DisplayMessage
2021-04-14 23:40:28(0) - info - 25 - ComServer - added message: Reizen
2021-04-14 23:40:28(0) - info - 26 - ComServer - {"command":"DisplayMessage","params":{"message":"Thomas sagt 63"}}
2021-04-14 23:40:28(0) - info - 26 - ComServer - {"command":"DisplayMessage","params":{"message":"Thomas sagt 63"}}
2021-04-14 23:40:28(10) - info - 26 - ComServer - {"command":"DisplayMessage","params":{"message":"Thomas sagt 63"}}
2021-04-14 23:40:28(0) - info - 26 - ComServer - {"command":"Reizen","params":{"player":"Volker","value":63,"active":false}}
2021-04-14 23:40:32(3786) - info - 25 - ComServer - messages to handle: 1
2021-04-14 23:40:32(0) - info - 25 - ComServer - added message: DisplayMessage
2021-04-14 23:40:32(0) - info - 25 - ComServer - added message: DisplayMessage
2021-04-14 23:40:32(0) - info - 25 - ComServer - added message: DisplayMessage
2021-04-14 23:40:32(0) - info - 26 - ComServer - {"command":"DisplayMessage","params":{"message":"Volker: weg"}}
2021-04-14 23:40:32(0) - info - 26 - ComServer - {"command":"DisplayMessage","params":{"message":"Volker: weg"}}
2021-04-14 23:40:32(0) - info - 26 - ComServer - {"command":"DisplayMessage","params":{"message":"Volker: weg"}}
