2021-04-07 21:50:43(28) - info - 30 - DokoServer - Creating ServerSocket...
2021-04-07 21:50:43(1) - info - 30 - DokoServer - ServerSocket created: 0.0.0.0/0.0.0.0:5000
2021-04-07 21:50:43(103) - info - 30 - DokoServer - Connection established
2021-04-07 21:50:44(1004) - info - 28 - DokoServer - messages to handle: 1
2021-04-07 21:50:44(16) - info - 28 - DokoServer - added message: PlayersInLobby
2021-04-07 21:50:44(0) - info - 28 - DokoServer - messages to handle: 1
2021-04-07 21:50:44(0) - info - 28 - DokoServer - Received: getVersion from Volker
2021-04-07 21:50:44(0) - info - 29 - DokoServer - Send to Volker: {"command":"PlayersInLobby","params":{"players":["Volker"]}}
2021-04-07 21:50:44(0) - info - 28 - DokoServer - added message: getVersion
2021-04-07 21:50:44(0) - info - 29 - DokoServer - Send to Volker: {"command":"getVersion","params":{"player":"Server","version":"3.2.1"}}
2021-04-07 21:50:45(1015) - info - 29 - DokoServer - Send to Volker: {"command":"DisplayMessage","params":{"message":"2021-04-07T21:50:45.244875800"}}
2021-04-07 21:50:46(1004) - info - 29 - DokoServer - Send to Volker: {"command":"DisplayMessage","params":{"message":"2021-04-07T21:50:46.248653"}}
2021-04-07 21:50:47(1002) - info - 29 - DokoServer - Send to Volker: {"command":"DisplayMessage","params":{"message":"2021-04-07T21:50:47.250360"}}
2021-04-07 21:50:48(1025) - info - 29 - DokoServer - Send to Volker: {"command":"DisplayMessage","params":{"message":"2021-04-07T21:50:48.275406"}}
2021-04-07 21:50:49(1005) - info - 29 - DokoServer - Send to Volker: {"command":"DisplayMessage","params":{"message":"2021-04-07T21:50:49.280836600"}}
2021-04-07 21:50:50(1004) - info - 29 - DokoServer - Send to Volker: {"command":"DisplayMessage","params":{"message":"2021-04-07T21:50:50.283279900"}}
2021-04-07 21:50:51(1002) - info - 29 - DokoServer - Send to Volker: {"command":"DisplayMessage","params":{"message":"2021-04-07T21:50:51.286388200"}}
2021-04-07 21:50:52(1002) - info - 29 - DokoServer - Send to Volker: {"command":"DisplayMessage","params":{"message":"2021-04-07T21:50:52.288431800"}}
2021-04-07 21:50:53(1001) - info - 29 - DokoServer - Send to Volker: {"command":"DisplayMessage","params":{"message":"2021-04-07T21:50:53.289754"}}
2021-04-07 21:50:54(1004) - info - 29 - DokoServer - Send to Volker: {"command":"DisplayMessage","params":{"message":"2021-04-07T21:50:54.293076400"}}
2021-04-07 21:50:55(1003) - info - 29 - DokoServer - Send to Volker: {"command":"DisplayMessage","params":{"message":"2021-04-07T21:50:55.296002800"}}
2021-04-07 21:50:56(1002) - info - 29 - DokoServer - Send to Volker: {"command":"DisplayMessage","params":{"message":"2021-04-07T21:50:56.298977700"}}
2021-04-07 21:50:57(1002) - info - 29 - DokoServer - Send to Volker: {"command":"DisplayMessage","params":{"message":"2021-04-07T21:50:57.300143"}}
2021-04-07 21:50:57(601) - info - 30 - DokoServer - Connection established
2021-04-07 21:50:57(62) - info - 28 - DokoServer - messages to handle: 1
2021-04-07 21:50:57(0) - info - 28 - DokoServer - added message: PlayersInLobby
2021-04-07 21:50:57(0) - info - 29 - DokoServer - Send to Volker: {"command":"DisplayMessage","params":{"message":"2021-04-07T21:50:57.963995300"}}
2021-04-07 21:50:57(0) - info - 28 - DokoServer - added message: PlayersInLobby
2021-04-07 21:50:57(0) - info - 28 - DokoServer - messages to handle: 1
2021-04-07 21:50:57(0) - info - 29 - DokoServer - Send to Volker: {"command":"PlayersInLobby","params":{"players":["Volker","Simon"]}}
2021-04-07 21:50:57(0) - info - 29 - DokoServer - Send to Simon: {"command":"PlayersInLobby","params":{"players":["Volker","Simon"]}}
2021-04-07 21:50:57(0) - info - 28 - DokoServer - Received: getVersion from Simon
2021-04-07 21:50:57(0) - info - 28 - DokoServer - added message: getVersion
2021-04-07 21:50:57(16) - info - 29 - DokoServer - Send to Simon: {"command":"getVersion","params":{"player":"Server","version":"3.2.1"}}
2021-04-07 21:50:58(1003) - info - 29 - DokoServer - Send to Volker: {"command":"DisplayMessage","params":{"message":"2021-04-07T21:50:58.982938500"}}
2021-04-07 21:50:59(1003) - info - 29 - DokoServer - Send to Volker: {"command":"DisplayMessage","params":{"message":"2021-04-07T21:50:59.985343800"}}
2021-04-07 21:51:00(1001) - info - 29 - DokoServer - Send to Volker: {"command":"DisplayMessage","params":{"message":"2021-04-07T21:51:00.986558700"}}
2021-04-07 21:51:01(1001) - info - 29 - DokoServer - Send to Volker: {"command":"DisplayMessage","params":{"message":"2021-04-07T21:51:01.987202"}}
2021-04-07 21:51:02(1002) - info - 29 - DokoServer - Send to Volker: {"command":"DisplayMessage","params":{"message":"2021-04-07T21:51:02.989095600"}}
2021-04-07 21:51:03(870) - info - 30 - DokoServer - Connection established
2021-04-07 21:51:03(69) - info - 28 - DokoServer - messages to handle: 1
2021-04-07 21:51:03(0) - info - 29 - DokoServer - Send to Volker: {"command":"DisplayMessage","params":{"message":"2021-04-07T21:51:03.928807900"}}
2021-04-07 21:51:03(0) - info - 28 - DokoServer - added message: PlayersInLobby
2021-04-07 21:51:03(0) - info - 28 - DokoServer - added message: PlayersInLobby
2021-04-07 21:51:03(0) - info - 29 - DokoServer - Send to Volker: {"command":"PlayersInLobby","params":{"players":["Volker","Simon","Jens"]}}
2021-04-07 21:51:03(0) - info - 28 - DokoServer - added message: PlayersInLobby
2021-04-07 21:51:03(0) - info - 28 - DokoServer - messages to handle: 1
2021-04-07 21:51:03(0) - info - 29 - DokoServer - Send to Simon: {"command":"PlayersInLobby","params":{"players":["Volker","Simon","Jens"]}}
2021-04-07 21:51:03(0) - info - 28 - DokoServer - Received: getVersion from Jens
2021-04-07 21:51:03(0) - info - 29 - DokoServer - Send to Jens: {"command":"PlayersInLobby","params":{"players":["Volker","Simon","Jens"]}}
2021-04-07 21:51:03(0) - info - 28 - DokoServer - added message: getVersion
2021-04-07 21:51:03(0) - info - 29 - DokoServer - Send to Jens: {"command":"getVersion","params":{"player":"Server","version":"3.2.1"}}
2021-04-07 21:51:04(1002) - info - 29 - DokoServer - Send to Volker: {"command":"DisplayMessage","params":{"message":"2021-04-07T21:51:04.930499300"}}
2021-04-07 21:51:05(1001) - info - 29 - DokoServer - Send to Volker: {"command":"DisplayMessage","params":{"message":"2021-04-07T21:51:05.931750400"}}
2021-04-07 21:51:06(1002) - info - 29 - DokoServer - Send to Volker: {"command":"DisplayMessage","params":{"message":"2021-04-07T21:51:06.933821"}}
2021-04-07 21:51:07(1003) - info - 29 - DokoServer - Send to Volker: {"command":"DisplayMessage","params":{"message":"2021-04-07T21:51:07.936628100"}}
2021-04-07 21:51:08(1010) - info - 29 - DokoServer - Send to Volker: {"command":"DisplayMessage","params":{"message":"2021-04-07T21:51:08.946814400"}}
2021-04-07 21:51:09(879) - info - 30 - DokoServer - Connection established
2021-04-07 21:51:09(62) - info - 28 - DokoServer - messages to handle: 1
2021-04-07 21:51:09(0) - info - 29 - DokoServer - Send to Volker: {"command":"DisplayMessage","params":{"message":"2021-04-07T21:51:09.887745"}}
2021-04-07 21:51:09(0) - info - 28 - DokoServer - added message: PlayersInLobby
2021-04-07 21:51:09(0) - info - 28 - DokoServer - added message: PlayersInLobby
2021-04-07 21:51:09(0) - info - 29 - DokoServer - Send to Volker: {"command":"PlayersInLobby","params":{"players":["Volker","Simon","Jens","Thomas"]}}
2021-04-07 21:51:09(0) - info - 28 - DokoServer - added message: PlayersInLobby
2021-04-07 21:51:09(0) - info - 28 - DokoServer - added message: PlayersInLobby
2021-04-07 21:51:09(16) - info - 29 - DokoServer - Send to Simon: {"command":"PlayersInLobby","params":{"players":["Volker","Simon","Jens","Thomas"]}}
2021-04-07 21:51:09(16) - info - 28 - DokoServer - messages to handle: 1
2021-04-07 21:51:09(0) - info - 28 - DokoServer - Received: getVersion from Thomas
2021-04-07 21:51:09(0) - info - 29 - DokoServer - Send to Jens: {"command":"PlayersInLobby","params":{"players":["Volker","Simon","Jens","Thomas"]}}
2021-04-07 21:51:09(0) - info - 28 - DokoServer - added message: getVersion
2021-04-07 21:51:09(0) - info - 29 - DokoServer - Send to Thomas: {"command":"PlayersInLobby","params":{"players":["Volker","Simon","Jens","Thomas"]}}
2021-04-07 21:51:09(6) - info - 29 - DokoServer - Send to Thomas: {"command":"getVersion","params":{"player":"Server","version":"3.2.1"}}
2021-04-07 21:51:10(1019) - info - 29 - DokoServer - Send to Volker: {"command":"DisplayMessage","params":{"message":"2021-04-07T21:51:10.928769200"}}
2021-04-07 21:51:11(1005) - info - 29 - DokoServer - Send to Volker: {"command":"DisplayMessage","params":{"message":"2021-04-07T21:51:11.933467400"}}
2021-04-07 21:51:12(1005) - info - 29 - DokoServer - Send to Volker: {"command":"DisplayMessage","params":{"message":"2021-04-07T21:51:12.938083400"}}
2021-04-07 21:51:13(1002) - info - 29 - DokoServer - Send to Volker: {"command":"DisplayMessage","params":{"message":"2021-04-07T21:51:13.940858300"}}
2021-04-07 21:51:14(1002) - info - 29 - DokoServer - Send to Volker: {"command":"DisplayMessage","params":{"message":"2021-04-07T21:51:14.942226400"}}
2021-04-07 21:51:15(681) - info - 23 - DokoServer - added message: startGame
2021-04-07 21:51:15(0) - info - 23 - DokoServer - added message: startGame
2021-04-07 21:51:15(0) - info - 23 - DokoServer - added message: startGame
2021-04-07 21:51:15(0) - info - 23 - DokoServer - added message: startGame
2021-04-07 21:51:15(323) - info - 29 - DokoServer - Send to Volker: {"command":"startGame","params":{"start":true}}
2021-04-07 21:51:15(0) - info - 29 - DokoServer - Send to Simon: {"command":"startGame","params":{"start":true}}
2021-04-07 21:51:15(0) - info - 29 - DokoServer - Send to Jens: {"command":"startGame","params":{"start":true}}
2021-04-07 21:51:15(0) - info - 29 - DokoServer - Send to Thomas: {"command":"startGame","params":{"start":true}}
2021-04-07 21:51:16(1006) - info - 29 - DokoServer - Send to Volker: {"command":"DisplayMessage","params":{"message":"2021-04-07T21:51:16.952875400"}}
2021-04-07 21:51:17(1019) - info - 29 - DokoServer - Send to Volker: {"command":"DisplayMessage","params":{"message":"2021-04-07T21:51:17.971718200"}}
2021-04-07 21:51:18(1003) - info - 29 - DokoServer - Send to Volker: {"command":"DisplayMessage","params":{"message":"2021-04-07T21:51:18.974427200"}}
2021-04-07 21:51:19(163) - info - 23 - DokoServer - added message: AnnounceSpectator
2021-04-07 21:51:19(0) - info - 23 - DokoServer - added message: AnnounceSpectator
2021-04-07 21:51:19(0) - info - 23 - DokoServer - added message: AnnounceSpectator
2021-04-07 21:51:19(0) - info - 23 - DokoServer - added message: AnnounceSpectator
2021-04-07 21:51:19(0) - info - 23 - DokoServer - added message: UpdateUserPanel
2021-04-07 21:51:19(0) - info - 23 - DokoServer - added message: UpdateUserPanel
2021-04-07 21:51:19(0) - info - 23 - DokoServer - added message: UpdateUserPanel
2021-04-07 21:51:19(0) - info - 23 - DokoServer - added message: UpdateUserPanel
2021-04-07 21:51:19(0) - info - 23 - DokoServer - added message: UpdateUserPanel
2021-04-07 21:51:19(0) - info - 29 - DokoServer - Send to Volker: {"command":"AnnounceSpectator","params":{"player":4,"starter":-1}}
2021-04-07 21:51:19(0) - info - 23 - DokoServer - added message: UpdateUserPanel
2021-04-07 21:51:19(0) - info - 29 - DokoServer - Send to Simon: {"command":"AnnounceSpectator","params":{"player":4,"starter":-1}}
2021-04-07 21:51:19(0) - info - 23 - DokoServer - added message: UpdateUserPanel
2021-04-07 21:51:19(0) - info - 23 - DokoServer - added message: UpdateUserPanel
2021-04-07 21:51:19(0) - info - 29 - DokoServer - Send to Jens: {"command":"AnnounceSpectator","params":{"player":4,"starter":-1}}
2021-04-07 21:51:19(0) - info - 23 - DokoServer - added message: UpdateUserPanel
2021-04-07 21:51:19(0) - info - 23 - DokoServer - added message: UpdateUserPanel
2021-04-07 21:51:19(0) - info - 29 - DokoServer - Send to Thomas: {"command":"AnnounceSpectator","params":{"player":4,"starter":-1}}
2021-04-07 21:51:19(15) - info - 23 - DokoServer - added message: UpdateUserPanel
2021-04-07 21:51:19(0) - info - 23 - DokoServer - added message: UpdateUserPanel
2021-04-07 21:51:19(0) - info - 29 - DokoServer - Send to Volker: {"command":"UpdateUserPanel","params":{"player":"Volker","text":""}}
2021-04-07 21:51:19(0) - info - 23 - DokoServer - added message: UpdateUserPanel
2021-04-07 21:51:19(0) - info - 29 - DokoServer - Send to Simon: {"command":"UpdateUserPanel","params":{"player":"Volker","text":""}}
2021-04-07 21:51:19(0) - info - 23 - DokoServer - added message: UpdateUserPanel
2021-04-07 21:51:19(4) - info - 23 - DokoServer - added message: UpdateUserPanel
2021-04-07 21:51:19(0) - info - 29 - DokoServer - Send to Jens: {"command":"UpdateUserPanel","params":{"player":"Volker","text":""}}
2021-04-07 21:51:19(0) - info - 23 - DokoServer - added message: UpdateUserPanel
2021-04-07 21:51:19(1) - info - 29 - DokoServer - Send to Thomas: {"command":"UpdateUserPanel","params":{"player":"Volker","text":""}}
2021-04-07 21:51:19(2) - info - 23 - DokoServer - added message: Cards
2021-04-07 21:51:19(0) - info - 29 - DokoServer - Send to Volker: {"command":"UpdateUserPanel","params":{"player":"Simon","text":""}}
2021-04-07 21:51:19(0) - info - 23 - DokoServer - added message: Cards
2021-04-07 21:51:19(1) - info - 23 - DokoServer - added message: Cards
2021-04-07 21:51:19(0) - info - 29 - DokoServer - Send to Simon: {"command":"UpdateUserPanel","params":{"player":"Simon","text":""}}
2021-04-07 21:51:19(2) - info - 23 - DokoServer - added message: Cards
2021-04-07 21:51:19(0) - info - 23 - DokoServer - added message: SelectGame
2021-04-07 21:51:19(1) - info - 29 - DokoServer - Send to Jens: {"command":"UpdateUserPanel","params":{"player":"Simon","text":""}}
2021-04-07 21:51:19(0) - info - 23 - DokoServer - added message: SelectGame
2021-04-07 21:51:19(0) - info - 23 - DokoServer - added message: SelectGame
2021-04-07 21:51:19(0) - info - 29 - DokoServer - Send to Thomas: {"command":"UpdateUserPanel","params":{"player":"Simon","text":""}}
2021-04-07 21:51:19(0) - info - 23 - DokoServer - added message: SelectGame
2021-04-07 21:51:19(0) - info - 29 - DokoServer - Send to Volker: {"command":"UpdateUserPanel","params":{"player":"Jens","text":""}}
2021-04-07 21:51:19(0) - info - 29 - DokoServer - Send to Simon: {"command":"UpdateUserPanel","params":{"player":"Jens","text":""}}
2021-04-07 21:51:19(0) - info - 29 - DokoServer - Send to Jens: {"command":"UpdateUserPanel","params":{"player":"Jens","text":""}}
2021-04-07 21:51:19(0) - info - 29 - DokoServer - Send to Thomas: {"command":"UpdateUserPanel","params":{"player":"Jens","text":""}}
2021-04-07 21:51:19(0) - info - 29 - DokoServer - Send to Volker: {"command":"UpdateUserPanel","params":{"player":"Thomas","text":""}}
2021-04-07 21:51:19(0) - info - 29 - DokoServer - Send to Simon: {"command":"UpdateUserPanel","params":{"player":"Thomas","text":""}}
2021-04-07 21:51:19(0) - info - 29 - DokoServer - Send to Jens: {"command":"UpdateUserPanel","params":{"player":"Thomas","text":""}}
2021-04-07 21:51:19(16) - info - 29 - DokoServer - Send to Thomas: {"command":"UpdateUserPanel","params":{"player":"Thomas","text":""}}
2021-04-07 21:51:19(0) - info - 29 - DokoServer - Send to Volker: {"command":"Cards","params":{"cards":["Pik Dame","Herz Ass","Pik Dame","Herz Dame","Karo Koenig","Karo Dame","Pik 10","Karo Bube","Kreuz 10","Pik Bube"]}}
2021-04-07 21:51:19(0) - info - 29 - DokoServer - Send to Simon: {"command":"Cards","params":{"cards":["Karo Bube","Herz Koenig","Karo Dame","Pik Ass","Pik 10","Karo Ass","Karo Koenig","Pik Koenig","Kreuz 10","Pik Koenig"]}}
2021-04-07 21:51:19(0) - info - 29 - DokoServer - Send to Jens: {"command":"Cards","params":{"cards":["Herz 10","Herz 10","Karo Ass","Pik Bube","Kreuz Dame","Pik Ass","Karo 10","Kreuz Dame","Kreuz Ass","Kreuz Bube"]}}
2021-04-07 21:51:19(0) - info - 29 - DokoServer - Send to Thomas: {"command":"Cards","params":{"cards":["Kreuz Bube","Herz Dame","Kreuz Koenig","Herz Koenig","Herz Bube","Herz Bube","Kreuz Ass","Kreuz Koenig","Herz Ass","Karo 10"]}}
2021-04-07 21:51:19(0) - info - 29 - DokoServer - Send to Volker: {"command":"SelectGame","params":{"0":0}}
2021-04-07 21:51:19(0) - info - 29 - DokoServer - Send to Simon: {"command":"SelectGame","params":{"0":0}}
2021-04-07 21:51:19(15) - info - 29 - DokoServer - Send to Jens: {"command":"SelectGame","params":{"0":0}}
2021-04-07 21:51:19(0) - info - 29 - DokoServer - Send to Thomas: {"command":"SelectGame","params":{"0":0}}
2021-04-07 21:51:20(1011) - info - 29 - DokoServer - Send to Volker: {"command":"DisplayMessage","params":{"message":"2021-04-07T21:51:20.205632800"}}
2021-04-07 21:51:21(1025) - info - 29 - DokoServer - Send to Volker: {"command":"DisplayMessage","params":{"message":"2021-04-07T21:51:21.230345900"}}
2021-04-07 21:51:22(1002) - info - 29 - DokoServer - Send to Volker: {"command":"DisplayMessage","params":{"message":"2021-04-07T21:51:22.232306900"}}
2021-04-07 21:51:23(1002) - info - 29 - DokoServer - Send to Volker: {"command":"DisplayMessage","params":{"message":"2021-04-07T21:51:23.234453400"}}
2021-04-07 21:51:24(1004) - info - 29 - DokoServer - Send to Volker: {"command":"DisplayMessage","params":{"message":"2021-04-07T21:51:24.237061900"}}
2021-04-07 21:51:25(1001) - info - 29 - DokoServer - Send to Volker: {"command":"DisplayMessage","params":{"message":"2021-04-07T21:51:25.239136300"}}
2021-04-07 21:51:26(1002) - info - 29 - DokoServer - Send to Volker: {"command":"DisplayMessage","params":{"message":"2021-04-07T21:51:26.241268900"}}
2021-04-07 21:51:27(1002) - info - 29 - DokoServer - Send to Volker: {"command":"DisplayMessage","params":{"message":"2021-04-07T21:51:27.243011"}}
2021-04-07 21:51:28(1002) - info - 29 - DokoServer - Send to Volker: {"command":"DisplayMessage","params":{"message":"2021-04-07T21:51:28.245154200"}}
2021-04-07 21:51:29(1002) - info - 29 - DokoServer - Send to Volker: {"command":"DisplayMessage","params":{"message":"2021-04-07T21:51:29.247385700"}}
2021-04-07 21:51:30(1003) - info - 29 - DokoServer - Send to Volker: {"command":"DisplayMessage","params":{"message":"2021-04-07T21:51:30.250160900"}}
2021-04-07 21:51:31(1002) - info - 29 - DokoServer - Send to Volker: {"command":"DisplayMessage","params":{"message":"2021-04-07T21:51:31.252105400"}}
2021-04-07 21:51:32(1002) - info - 29 - DokoServer - Send to Volker: {"command":"DisplayMessage","params":{"message":"2021-04-07T21:51:32.254942400"}}
2021-04-07 21:51:33(1019) - info - 29 - DokoServer - Send to Volker: {"command":"DisplayMessage","params":{"message":"2021-04-07T21:51:33.273417600"}}
2021-04-07 21:51:34(1015) - info - 29 - DokoServer - Send to Volker: {"command":"DisplayMessage","params":{"message":"2021-04-07T21:51:34.288034300"}}
2021-04-07 21:51:35(1002) - info - 29 - DokoServer - Send to Volker: {"command":"DisplayMessage","params":{"message":"2021-04-07T21:51:35.290495"}}
2021-04-07 21:51:36(1002) - info - 29 - DokoServer - Send to Volker: {"command":"DisplayMessage","params":{"message":"2021-04-07T21:51:36.292979"}}
2021-04-07 21:51:37(1003) - info - 29 - DokoServer - Send to Volker: {"command":"DisplayMessage","params":{"message":"2021-04-07T21:51:37.295181700"}}
2021-04-07 21:51:38(1002) - info - 29 - DokoServer - Send to Volker: {"command":"DisplayMessage","params":{"message":"2021-04-07T21:51:38.297465"}}
2021-04-07 21:51:39(1001) - info - 29 - DokoServer - Send to Volker: {"command":"DisplayMessage","params":{"message":"2021-04-07T21:51:39.298632"}}
2021-04-07 21:51:40(1010) - info - 29 - DokoServer - Send to Volker: {"command":"DisplayMessage","params":{"message":"2021-04-07T21:51:40.308080200"}}
2021-04-07 21:51:41(1009) - info - 29 - DokoServer - Send to Volker: {"command":"DisplayMessage","params":{"message":"2021-04-07T21:51:41.317899500"}}
2021-04-07 21:51:42(1002) - info - 29 - DokoServer - Send to Volker: {"command":"DisplayMessage","params":{"message":"2021-04-07T21:51:42.319167900"}}
2021-04-07 21:51:43(1001) - info - 29 - DokoServer - Send to Volker: {"command":"DisplayMessage","params":{"message":"2021-04-07T21:51:43.320855"}}
2021-04-07 21:51:44(1003) - info - 29 - DokoServer - Send to Volker: {"command":"DisplayMessage","params":{"message":"2021-04-07T21:51:44.323799600"}}
2021-04-07 21:51:45(1002) - info - 29 - DokoServer - Send to Volker: {"command":"DisplayMessage","params":{"message":"2021-04-07T21:51:45.325939200"}}
2021-04-07 21:51:46(1003) - info - 29 - DokoServer - Send to Volker: {"command":"DisplayMessage","params":{"message":"2021-04-07T21:51:46.328281600"}}
2021-04-07 21:51:47(1004) - info - 29 - DokoServer - Send to Volker: {"command":"DisplayMessage","params":{"message":"2021-04-07T21:51:47.332033400"}}
2021-04-07 21:51:48(1000) - info - 29 - DokoServer - Send to Volker: {"command":"DisplayMessage","params":{"message":"2021-04-07T21:51:48.332798500"}}
2021-04-07 21:51:49(1002) - info - 29 - DokoServer - Send to Volker: {"command":"DisplayMessage","params":{"message":"2021-04-07T21:51:49.334810600"}}
2021-04-07 21:51:50(1002) - info - 29 - DokoServer - Send to Volker: {"command":"DisplayMessage","params":{"message":"2021-04-07T21:51:50.335761200"}}
2021-04-07 21:51:51(1002) - info - 29 - DokoServer - Send to Volker: {"command":"DisplayMessage","params":{"message":"2021-04-07T21:51:51.338202500"}}
2021-04-07 21:51:52(1003) - info - 29 - DokoServer - Send to Volker: {"command":"DisplayMessage","params":{"message":"2021-04-07T21:51:52.341860200"}}
2021-04-07 21:51:53(1001) - info - 29 - DokoServer - Send to Volker: {"command":"DisplayMessage","params":{"message":"2021-04-07T21:51:53.342208900"}}
2021-04-07 21:51:54(871) - info - 28 - DokoServer - messages to handle: 1
2021-04-07 21:51:54(0) - info - 28 - DokoServer - Received: GameSelected from Simon
2021-04-07 21:51:54(0) - info - 28 - DokoServer - added message: DisplayMessage
2021-04-07 21:51:54(0) - info - 29 - DokoServer - Send to Simon: {"command":"DisplayMessage","params":{"message":"Warte auf 3 Spieler"}}
2021-04-07 21:51:55(1002) - info - 29 - DokoServer - Send to Volker: {"command":"DisplayMessage","params":{"message":"2021-04-07T21:51:55.215851"}}
2021-04-07 21:51:55(116) - info - 28 - DokoServer - messages to handle: 1
2021-04-07 21:51:55(0) - info - 28 - DokoServer - Received: GameSelected from Volker
2021-04-07 21:51:55(0) - info - 28 - DokoServer - added message: DisplayMessage
2021-04-07 21:51:55(0) - info - 28 - DokoServer - added message: DisplayMessage
2021-04-07 21:51:55(0) - info - 29 - DokoServer - Send to Volker: {"command":"DisplayMessage","params":{"message":"Warte auf 2 Spieler"}}
2021-04-07 21:51:55(0) - info - 29 - DokoServer - Send to Simon: {"command":"DisplayMessage","params":{"message":"Warte auf 2 Spieler"}}
2021-04-07 21:51:56(1002) - info - 29 - DokoServer - Send to Volker: {"command":"DisplayMessage","params":{"message":"2021-04-07T21:51:56.333926400"}}
2021-04-07 21:51:57(855) - info - 28 - DokoServer - messages to handle: 1
2021-04-07 21:51:57(0) - info - 28 - DokoServer - Received: GameSelected from Thomas
2021-04-07 21:51:57(0) - info - 28 - DokoServer - added message: DisplayMessage
2021-04-07 21:51:57(0) - info - 28 - DokoServer - added message: DisplayMessage
2021-04-07 21:51:57(0) - info - 29 - DokoServer - Send to Volker: {"command":"DisplayMessage","params":{"message":"Warte auf 1 Spieler"}}
2021-04-07 21:51:57(16) - info - 28 - DokoServer - added message: DisplayMessage
2021-04-07 21:51:57(0) - info - 29 - DokoServer - Send to Simon: {"command":"DisplayMessage","params":{"message":"Warte auf 1 Spieler"}}
2021-04-07 21:51:57(0) - info - 29 - DokoServer - Send to Thomas: {"command":"DisplayMessage","params":{"message":"Warte auf 1 Spieler"}}
2021-04-07 21:51:58(1002) - info - 29 - DokoServer - Send to Volker: {"command":"DisplayMessage","params":{"message":"2021-04-07T21:51:58.206262800"}}
2021-04-07 21:51:59(1003) - info - 29 - DokoServer - Send to Volker: {"command":"DisplayMessage","params":{"message":"2021-04-07T21:51:59.209094400"}}
2021-04-07 21:51:59(0) - info - 28 - DokoServer - messages to handle: 1
2021-04-07 21:51:59(0) - info - 28 - DokoServer - Received: GameSelected from Jens
2021-04-07 21:51:59(15) - info - 28 - DokoServer - added message: DisplayMessage
2021-04-07 21:51:59(0) - info - 28 - DokoServer - added message: DisplayMessage
2021-04-07 21:51:59(0) - info - 28 - DokoServer - added message: DisplayMessage
2021-04-07 21:51:59(0) - info - 28 - DokoServer - added message: DisplayMessage
2021-04-07 21:51:59(0) - info - 28 - DokoServer - added message: GameType
2021-04-07 21:51:59(0) - info - 29 - DokoServer - Send to Volker: {"command":"DisplayMessage","params":{"message":"normales Spiel"}}
2021-04-07 21:51:59(0) - info - 28 - DokoServer - added message: GameType
2021-04-07 21:51:59(0) - info - 29 - DokoServer - Send to Simon: {"command":"DisplayMessage","params":{"message":"normales Spiel"}}
2021-04-07 21:51:59(0) - info - 28 - DokoServer - added message: GameType
2021-04-07 21:51:59(0) - info - 28 - DokoServer - added message: GameType
2021-04-07 21:51:59(0) - info - 29 - DokoServer - Send to Jens: {"command":"DisplayMessage","params":{"message":"normales Spiel"}}
2021-04-07 21:51:59(0) - info - 29 - DokoServer - Send to Thomas: {"command":"DisplayMessage","params":{"message":"normales Spiel"}}
2021-04-07 21:51:59(16) - info - 29 - DokoServer - Send to Volker: {"command":"GameType","params":{"GameType":"normales Spiel"}}
2021-04-07 21:51:59(5) - info - 28 - DokoServer - added message: wait4Player
2021-04-07 21:51:59(2) - info - 29 - DokoServer - Send to Simon: {"command":"GameType","params":{"GameType":"normales Spiel"}}
2021-04-07 21:51:59(1) - info - 28 - DokoServer - added message: wait4Player
2021-04-07 21:51:59(0) - info - 28 - DokoServer - added message: wait4Player
2021-04-07 21:51:59(0) - info - 29 - DokoServer - Send to Jens: {"command":"GameType","params":{"GameType":"normales Spiel"}}
2021-04-07 21:51:59(0) - info - 28 - DokoServer - added message: wait4Player
2021-04-07 21:51:59(0) - info - 29 - DokoServer - Send to Thomas: {"command":"GameType","params":{"GameType":"normales Spiel"}}
2021-04-07 21:51:59(0) - info - 29 - DokoServer - Send to Volker: {"command":"wait4Player","params":{"player":"Volker"}}
2021-04-07 21:51:59(0) - info - 29 - DokoServer - Send to Simon: {"command":"wait4Player","params":{"player":"Volker"}}
2021-04-07 21:51:59(0) - info - 29 - DokoServer - Send to Jens: {"command":"wait4Player","params":{"player":"Volker"}}
2021-04-07 21:51:59(0) - info - 29 - DokoServer - Send to Thomas: {"command":"wait4Player","params":{"player":"Volker"}}
2021-04-07 21:52:00(1011) - info - 29 - DokoServer - Send to Volker: {"command":"DisplayMessage","params":{"message":"2021-04-07T21:52:00.259336400"}}
2021-04-07 21:52:01(1004) - info - 29 - DokoServer - Send to Volker: {"command":"DisplayMessage","params":{"message":"2021-04-07T21:52:01.263203600"}}
2021-04-07 21:52:02(1002) - info - 29 - DokoServer - Send to Volker: {"command":"DisplayMessage","params":{"message":"2021-04-07T21:52:02.265290"}}
2021-04-07 21:52:02(493) - info - 28 - DokoServer - messages to handle: 1
2021-04-07 21:52:02(0) - info - 28 - DokoServer - Received: PutCard from Volker
2021-04-07 21:52:02(0) - info - 28 - DokoServer - added message: PutCard
2021-04-07 21:52:02(0) - info - 28 - DokoServer - added message: PutCard
2021-04-07 21:52:02(0) - info - 28 - DokoServer - added message: PutCard
2021-04-07 21:52:02(0) - info - 28 - DokoServer - added message: PutCard
2021-04-07 21:52:02(0) - info - 29 - DokoServer - Send to Volker: {"command":"PutCard","params":{"player":0,"farbe":"Herz","wert":"Ass"}}
2021-04-07 21:52:02(0) - info - 28 - DokoServer - added message: wait4Player
2021-04-07 21:52:02(0) - info - 29 - DokoServer - Send to Simon: {"command":"PutCard","params":{"player":0,"farbe":"Herz","wert":"Ass"}}
2021-04-07 21:52:02(0) - info - 28 - DokoServer - added message: wait4Player
2021-04-07 21:52:02(0) - info - 28 - DokoServer - added message: wait4Player
2021-04-07 21:52:02(15) - info - 28 - DokoServer - added message: wait4Player
2021-04-07 21:52:02(15) - info - 29 - DokoServer - Send to Jens: {"command":"PutCard","params":{"player":0,"farbe":"Herz","wert":"Ass"}}
2021-04-07 21:52:02(0) - info - 29 - DokoServer - Send to Thomas: {"command":"PutCard","params":{"player":0,"farbe":"Herz","wert":"Ass"}}
2021-04-07 21:52:02(0) - info - 29 - DokoServer - Send to Volker: {"command":"wait4Player","params":{"player":"Simon"}}
2021-04-07 21:52:02(0) - info - 29 - DokoServer - Send to Simon: {"command":"wait4Player","params":{"player":"Simon"}}
2021-04-07 21:52:02(0) - info - 29 - DokoServer - Send to Jens: {"command":"wait4Player","params":{"player":"Simon"}}
2021-04-07 21:52:02(0) - info - 29 - DokoServer - Send to Thomas: {"command":"wait4Player","params":{"player":"Simon"}}
2021-04-07 21:52:03(1010) - info - 29 - DokoServer - Send to Volker: {"command":"DisplayMessage","params":{"message":"2021-04-07T21:52:03.783640600"}}
2021-04-07 21:52:04(1003) - info - 29 - DokoServer - Send to Volker: {"command":"DisplayMessage","params":{"message":"2021-04-07T21:52:04.786980"}}
2021-04-07 21:52:05(1003) - info - 29 - DokoServer - Send to Volker: {"command":"DisplayMessage","params":{"message":"2021-04-07T21:52:05.789772700"}}
2021-04-07 21:52:06(1003) - info - 29 - DokoServer - Send to Volker: {"command":"DisplayMessage","params":{"message":"2021-04-07T21:52:06.792817500"}}
2021-04-07 21:52:07(1007) - info - 29 - DokoServer - Send to Volker: {"command":"DisplayMessage","params":{"message":"2021-04-07T21:52:07.799913500"}}
2021-04-07 21:52:08(1003) - info - 29 - DokoServer - Send to Volker: {"command":"DisplayMessage","params":{"message":"2021-04-07T21:52:08.802438900"}}
2021-04-07 21:52:09(1003) - info - 29 - DokoServer - Send to Volker: {"command":"DisplayMessage","params":{"message":"2021-04-07T21:52:09.805710900"}}
2021-04-07 21:52:10(1013) - info - 29 - DokoServer - Send to Volker: {"command":"DisplayMessage","params":{"message":"2021-04-07T21:52:10.818578100"}}
2021-04-07 21:52:11(1013) - info - 29 - DokoServer - Send to Volker: {"command":"DisplayMessage","params":{"message":"2021-04-07T21:52:11.831706700"}}
2021-04-07 21:52:12(1004) - info - 29 - DokoServer - Send to Volker: {"command":"DisplayMessage","params":{"message":"2021-04-07T21:52:12.835506800"}}
2021-04-07 21:52:13(1016) - info - 29 - DokoServer - Send to Volker: {"command":"DisplayMessage","params":{"message":"2021-04-07T21:52:13.851122600"}}
2021-04-07 21:52:14(1003) - info - 29 - DokoServer - Send to Volker: {"command":"DisplayMessage","params":{"message":"2021-04-07T21:52:14.854126300"}}
2021-04-07 21:52:15(1002) - info - 29 - DokoServer - Send to Volker: {"command":"DisplayMessage","params":{"message":"2021-04-07T21:52:15.856540100"}}
2021-04-07 21:52:16(1016) - info - 29 - DokoServer - Send to Volker: {"command":"DisplayMessage","params":{"message":"2021-04-07T21:52:16.871021800"}}
2021-04-07 21:52:17(1000) - info - 29 - DokoServer - Send to Volker: {"command":"DisplayMessage","params":{"message":"2021-04-07T21:52:17.872774500"}}
2021-04-07 21:52:18(1002) - info - 29 - DokoServer - Send to Volker: {"command":"DisplayMessage","params":{"message":"2021-04-07T21:52:18.874625300"}}
2021-04-07 21:52:19(1003) - info - 29 - DokoServer - Send to Volker: {"command":"DisplayMessage","params":{"message":"2021-04-07T21:52:19.877038"}}
2021-04-07 21:52:20(1002) - info - 29 - DokoServer - Send to Volker: {"command":"DisplayMessage","params":{"message":"2021-04-07T21:52:20.879329400"}}
2021-04-07 21:52:21(1002) - info - 29 - DokoServer - Send to Volker: {"command":"DisplayMessage","params":{"message":"2021-04-07T21:52:21.881511400"}}
2021-04-07 21:52:22(1002) - info - 29 - DokoServer - Send to Volker: {"command":"DisplayMessage","params":{"message":"2021-04-07T21:52:22.883123900"}}
2021-04-07 21:52:23(1002) - info - 29 - DokoServer - Send to Volker: {"command":"DisplayMessage","params":{"message":"2021-04-07T21:52:23.885612500"}}
2021-04-07 21:52:24(1003) - info - 29 - DokoServer - Send to Volker: {"command":"DisplayMessage","params":{"message":"2021-04-07T21:52:24.888454200"}}
2021-04-07 21:52:25(1005) - info - 29 - DokoServer - Send to Volker: {"command":"DisplayMessage","params":{"message":"2021-04-07T21:52:25.893155900"}}
2021-04-07 21:52:26(1002) - info - 29 - DokoServer - Send to Volker: {"command":"DisplayMessage","params":{"message":"2021-04-07T21:52:26.895674500"}}
2021-04-07 21:52:27(1003) - info - 29 - DokoServer - Send to Volker: {"command":"DisplayMessage","params":{"message":"2021-04-07T21:52:27.898285800"}}
2021-04-07 21:52:28(1002) - info - 29 - DokoServer - Send to Volker: {"command":"DisplayMessage","params":{"message":"2021-04-07T21:52:28.900684"}}
2021-04-07 21:52:29(1003) - info - 29 - DokoServer - Send to Volker: {"command":"DisplayMessage","params":{"message":"2021-04-07T21:52:29.903906"}}
2021-04-07 21:52:30(1003) - info - 29 - DokoServer - Send to Volker: {"command":"DisplayMessage","params":{"message":"2021-04-07T21:52:30.906447700"}}
2021-04-07 21:52:31(1002) - info - 29 - DokoServer - Send to Volker: {"command":"DisplayMessage","params":{"message":"2021-04-07T21:52:31.908694"}}
2021-04-07 21:52:32(1002) - info - 29 - DokoServer - Send to Volker: {"command":"DisplayMessage","params":{"message":"2021-04-07T21:52:32.910886300"}}
2021-04-07 21:52:33(1004) - info - 29 - DokoServer - Send to Volker: {"command":"DisplayMessage","params":{"message":"2021-04-07T21:52:33.914096100"}}
2021-04-07 21:52:34(1003) - info - 29 - DokoServer - Send to Volker: {"command":"DisplayMessage","params":{"message":"2021-04-07T21:52:34.917864600"}}
2021-04-07 21:52:35(1020) - info - 29 - DokoServer - Send to Volker: {"command":"DisplayMessage","params":{"message":"2021-04-07T21:52:35.937696100"}}
2021-04-07 21:52:36(1003) - info - 29 - DokoServer - Send to Volker: {"command":"DisplayMessage","params":{"message":"2021-04-07T21:52:36.940720900"}}
2021-04-07 21:52:37(1003) - info - 29 - DokoServer - Send to Volker: {"command":"DisplayMessage","params":{"message":"2021-04-07T21:52:37.943710400"}}
2021-04-07 21:52:38(1011) - info - 29 - DokoServer - Send to Volker: {"command":"DisplayMessage","params":{"message":"2021-04-07T21:52:38.954687200"}}
2021-04-07 21:52:39(1013) - info - 29 - DokoServer - Send to Volker: {"command":"DisplayMessage","params":{"message":"2021-04-07T21:52:39.967466600"}}
2021-04-07 21:52:40(1003) - info - 29 - DokoServer - Send to Volker: {"command":"DisplayMessage","params":{"message":"2021-04-07T21:52:40.970463200"}}
2021-04-07 21:52:41(1003) - info - 29 - DokoServer - Send to Volker: {"command":"DisplayMessage","params":{"message":"2021-04-07T21:52:41.973950"}}
2021-04-07 21:52:42(1004) - info - 29 - DokoServer - Send to Volker: {"command":"DisplayMessage","params":{"message":"2021-04-07T21:52:42.977442700"}}
2021-04-07 21:52:43(1003) - info - 29 - DokoServer - Send to Volker: {"command":"DisplayMessage","params":{"message":"2021-04-07T21:52:43.980038100"}}
2021-04-07 21:52:44(1003) - info - 29 - DokoServer - Send to Volker: {"command":"DisplayMessage","params":{"message":"2021-04-07T21:52:44.983289900"}}
2021-04-07 21:52:45(1006) - info - 29 - DokoServer - Send to Volker: {"command":"DisplayMessage","params":{"message":"2021-04-07T21:52:45.989684"}}
2021-04-07 21:52:46(1001) - info - 29 - DokoServer - Send to Volker: {"command":"DisplayMessage","params":{"message":"2021-04-07T21:52:46.990823400"}}
2021-04-07 21:52:47(1005) - info - 29 - DokoServer - Send to Volker: {"command":"DisplayMessage","params":{"message":"2021-04-07T21:52:47.995893900"}}
2021-04-07 21:52:48(1002) - info - 29 - DokoServer - Send to Volker: {"command":"DisplayMessage","params":{"message":"2021-04-07T21:52:48.997832100"}}
2021-04-07 21:52:50(1003) - info - 29 - DokoServer - Send to Volker: {"command":"DisplayMessage","params":{"message":"2021-04-07T21:52:50.000628400"}}
2021-04-07 21:52:51(1003) - info - 29 - DokoServer - Send to Volker: {"command":"DisplayMessage","params":{"message":"2021-04-07T21:52:51.003165800"}}
2021-04-07 21:52:52(1012) - info - 29 - DokoServer - Send to Volker: {"command":"DisplayMessage","params":{"message":"2021-04-07T21:52:52.015040400"}}
2021-04-07 21:52:53(1002) - info - 29 - DokoServer - Send to Volker: {"command":"DisplayMessage","params":{"message":"2021-04-07T21:52:53.017282700"}}
2021-04-07 21:52:54(1004) - info - 29 - DokoServer - Send to Volker: {"command":"DisplayMessage","params":{"message":"2021-04-07T21:52:54.021101600"}}
2021-04-07 21:52:55(1002) - info - 29 - DokoServer - Send to Volker: {"command":"DisplayMessage","params":{"message":"2021-04-07T21:52:55.023835900"}}
2021-04-07 21:52:56(1003) - info - 29 - DokoServer - Send to Volker: {"command":"DisplayMessage","params":{"message":"2021-04-07T21:52:56.026112"}}
2021-04-07 21:52:57(1001) - info - 29 - DokoServer - Send to Volker: {"command":"DisplayMessage","params":{"message":"2021-04-07T21:52:57.027525"}}
2021-04-07 21:52:58(1006) - info - 29 - DokoServer - Send to Volker: {"command":"DisplayMessage","params":{"message":"2021-04-07T21:52:58.033099200"}}
2021-04-07 21:52:59(1003) - info - 29 - DokoServer - Send to Volker: {"command":"DisplayMessage","params":{"message":"2021-04-07T21:52:59.036624100"}}
2021-04-07 21:53:00(1003) - info - 29 - DokoServer - Send to Volker: {"command":"DisplayMessage","params":{"message":"2021-04-07T21:53:00.039180100"}}
2021-04-07 21:53:01(1019) - info - 29 - DokoServer - Send to Volker: {"command":"DisplayMessage","params":{"message":"2021-04-07T21:53:01.058865100"}}
2021-04-07 21:53:02(1022) - info - 29 - DokoServer - Send to Volker: {"command":"DisplayMessage","params":{"message":"2021-04-07T21:53:02.080358800"}}
2021-04-07 21:53:03(1004) - info - 29 - DokoServer - Send to Volker: {"command":"DisplayMessage","params":{"message":"2021-04-07T21:53:03.084738800"}}
2021-04-07 21:53:04(1002) - info - 29 - DokoServer - Send to Volker: {"command":"DisplayMessage","params":{"message":"2021-04-07T21:53:04.086216100"}}
2021-04-07 21:53:05(1003) - info - 29 - DokoServer - Send to Volker: {"command":"DisplayMessage","params":{"message":"2021-04-07T21:53:05.089374300"}}
2021-04-07 21:53:06(1002) - info - 29 - DokoServer - Send to Volker: {"command":"DisplayMessage","params":{"message":"2021-04-07T21:53:06.091503400"}}
2021-04-07 21:53:07(1001) - info - 29 - DokoServer - Send to Volker: {"command":"DisplayMessage","params":{"message":"2021-04-07T21:53:07.092451800"}}
2021-04-07 21:53:08(1000) - info - 29 - DokoServer - Send to Volker: {"command":"DisplayMessage","params":{"message":"2021-04-07T21:53:08.092495400"}}
2021-04-07 21:53:09(1003) - info - 29 - DokoServer - Send to Volker: {"command":"DisplayMessage","params":{"message":"2021-04-07T21:53:09.095879900"}}
2021-04-07 21:53:10(1002) - info - 29 - DokoServer - Send to Volker: {"command":"DisplayMessage","params":{"message":"2021-04-07T21:53:10.097884600"}}
2021-04-07 21:53:11(1001) - info - 29 - DokoServer - Send to Volker: {"command":"DisplayMessage","params":{"message":"2021-04-07T21:53:11.098944600"}}
2021-04-07 21:53:12(1003) - info - 29 - DokoServer - Send to Volker: {"command":"DisplayMessage","params":{"message":"2021-04-07T21:53:12.101693"}}
2021-04-07 21:53:13(1003) - info - 29 - DokoServer - Send to Volker: {"command":"DisplayMessage","params":{"message":"2021-04-07T21:53:13.104119300"}}
2021-04-07 21:53:14(1002) - info - 29 - DokoServer - Send to Volker: {"command":"DisplayMessage","params":{"message":"2021-04-07T21:53:14.106795800"}}
2021-04-07 21:53:15(1002) - info - 29 - DokoServer - Send to Volker: {"command":"DisplayMessage","params":{"message":"2021-04-07T21:53:15.108622500"}}
2021-04-07 21:53:16(1003) - info - 29 - DokoServer - Send to Volker: {"command":"DisplayMessage","params":{"message":"2021-04-07T21:53:16.111738400"}}
2021-04-07 21:53:17(1009) - info - 29 - DokoServer - Send to Volker: {"command":"DisplayMessage","params":{"message":"2021-04-07T21:53:17.120579700"}}
2021-04-07 21:53:18(1009) - info - 29 - DokoServer - Send to Volker: {"command":"DisplayMessage","params":{"message":"2021-04-07T21:53:18.129179100"}}
2021-04-07 21:53:19(1001) - info - 29 - DokoServer - Send to Volker: {"command":"DisplayMessage","params":{"message":"2021-04-07T21:53:19.130604200"}}
2021-04-07 21:53:20(1002) - info - 29 - DokoServer - Send to Volker: {"command":"DisplayMessage","params":{"message":"2021-04-07T21:53:20.132568500"}}
2021-04-07 21:53:21(1003) - info - 29 - DokoServer - Send to Volker: {"command":"DisplayMessage","params":{"message":"2021-04-07T21:53:21.134082"}}
2021-04-07 21:53:22(1001) - info - 29 - DokoServer - Send to Volker: {"command":"DisplayMessage","params":{"message":"2021-04-07T21:53:22.136210"}}
2021-04-07 21:53:23(1002) - info - 29 - DokoServer - Send to Volker: {"command":"DisplayMessage","params":{"message":"2021-04-07T21:53:23.138084300"}}
2021-04-07 21:53:24(1002) - info - 29 - DokoServer - Send to Volker: {"command":"DisplayMessage","params":{"message":"2021-04-07T21:53:24.140326700"}}
2021-04-07 21:53:25(1002) - info - 29 - DokoServer - Send to Volker: {"command":"DisplayMessage","params":{"message":"2021-04-07T21:53:25.142884"}}
2021-04-07 21:53:26(1003) - info - 29 - DokoServer - Send to Volker: {"command":"DisplayMessage","params":{"message":"2021-04-07T21:53:26.145420600"}}
2021-04-07 21:53:27(1003) - info - 29 - DokoServer - Send to Volker: {"command":"DisplayMessage","params":{"message":"2021-04-07T21:53:27.148767600"}}
2021-04-07 21:53:28(1006) - info - 29 - DokoServer - Send to Volker: {"command":"DisplayMessage","params":{"message":"2021-04-07T21:53:28.154454700"}}
2021-04-07 21:53:29(1003) - info - 29 - DokoServer - Send to Volker: {"command":"DisplayMessage","params":{"message":"2021-04-07T21:53:29.157204400"}}
2021-04-07 21:53:30(1002) - info - 29 - DokoServer - Send to Volker: {"command":"DisplayMessage","params":{"message":"2021-04-07T21:53:30.159556400"}}
2021-04-07 21:53:31(1002) - info - 29 - DokoServer - Send to Volker: {"command":"DisplayMessage","params":{"message":"2021-04-07T21:53:31.161707100"}}
2021-04-07 21:53:32(1011) - info - 29 - DokoServer - Send to Volker: {"command":"DisplayMessage","params":{"message":"2021-04-07T21:53:32.172814200"}}
2021-04-07 21:53:33(1011) - info - 29 - DokoServer - Send to Volker: {"command":"DisplayMessage","params":{"message":"2021-04-07T21:53:33.182540100"}}
2021-04-07 21:53:34(1001) - info - 29 - DokoServer - Send to Volker: {"command":"DisplayMessage","params":{"message":"2021-04-07T21:53:34.184494200"}}
2021-04-07 21:53:35(1004) - info - 29 - DokoServer - Send to Volker: {"command":"DisplayMessage","params":{"message":"2021-04-07T21:53:35.188509300"}}
2021-04-07 21:53:36(1001) - info - 29 - DokoServer - Send to Volker: {"command":"DisplayMessage","params":{"message":"2021-04-07T21:53:36.189847700"}}
2021-04-07 21:53:37(1004) - info - 29 - DokoServer - Send to Volker: {"command":"DisplayMessage","params":{"message":"2021-04-07T21:53:37.193330"}}
2021-04-07 21:53:38(1004) - info - 29 - DokoServer - Send to Volker: {"command":"DisplayMessage","params":{"message":"2021-04-07T21:53:38.197383700"}}
2021-04-07 21:53:39(1003) - info - 29 - DokoServer - Send to Volker: {"command":"DisplayMessage","params":{"message":"2021-04-07T21:53:39.200638600"}}
2021-04-07 21:53:40(1001) - info - 29 - DokoServer - Send to Volker: {"command":"DisplayMessage","params":{"message":"2021-04-07T21:53:40.201681600"}}
2021-04-07 21:53:41(1004) - info - 29 - DokoServer - Send to Volker: {"command":"DisplayMessage","params":{"message":"2021-04-07T21:53:41.205226200"}}
2021-04-07 21:53:42(1002) - info - 29 - DokoServer - Send to Volker: {"command":"DisplayMessage","params":{"message":"2021-04-07T21:53:42.207486"}}
2021-04-07 21:53:43(1003) - info - 29 - DokoServer - Send to Volker: {"command":"DisplayMessage","params":{"message":"2021-04-07T21:53:43.210138600"}}
2021-04-07 21:53:44(1002) - info - 29 - DokoServer - Send to Volker: {"command":"DisplayMessage","params":{"message":"2021-04-07T21:53:44.212573500"}}
2021-04-07 21:53:45(1002) - info - 29 - DokoServer - Send to Volker: {"command":"DisplayMessage","params":{"message":"2021-04-07T21:53:45.214171600"}}
2021-04-07 21:53:46(1003) - info - 29 - DokoServer - Send to Volker: {"command":"DisplayMessage","params":{"message":"2021-04-07T21:53:46.217020800"}}
2021-04-07 21:53:47(1002) - info - 29 - DokoServer - Send to Volker: {"command":"DisplayMessage","params":{"message":"2021-04-07T21:53:47.219695800"}}
2021-04-07 21:53:48(1004) - info - 29 - DokoServer - Send to Volker: {"command":"DisplayMessage","params":{"message":"2021-04-07T21:53:48.221968800"}}
2021-04-07 21:53:49(1000) - info - 29 - DokoServer - Send to Volker: {"command":"DisplayMessage","params":{"message":"2021-04-07T21:53:49.223458500"}}
2021-04-07 21:53:50(1006) - info - 29 - DokoServer - Send to Volker: {"command":"DisplayMessage","params":{"message":"2021-04-07T21:53:50.229947600"}}
2021-04-07 21:53:51(1013) - info - 29 - DokoServer - Send to Volker: {"command":"DisplayMessage","params":{"message":"2021-04-07T21:53:51.242278"}}
2021-04-07 21:53:52(1015) - info - 29 - DokoServer - Send to Volker: {"command":"DisplayMessage","params":{"message":"2021-04-07T21:53:52.257804500"}}
2021-04-07 21:53:53(1002) - info - 29 - DokoServer - Send to Volker: {"command":"DisplayMessage","params":{"message":"2021-04-07T21:53:53.259575400"}}
2021-04-07 21:53:54(1004) - info - 29 - DokoServer - Send to Volker: {"command":"DisplayMessage","params":{"message":"2021-04-07T21:53:54.263038"}}
2021-04-07 21:53:55(1000) - info - 29 - DokoServer - Send to Volker: {"command":"DisplayMessage","params":{"message":"2021-04-07T21:53:55.263979"}}
2021-04-07 21:53:56(1003) - info - 29 - DokoServer - Send to Volker: {"command":"DisplayMessage","params":{"message":"2021-04-07T21:53:56.266007800"}}
2021-04-07 21:53:57(1003) - info - 29 - DokoServer - Send to Volker: {"command":"DisplayMessage","params":{"message":"2021-04-07T21:53:57.269992600"}}
2021-04-07 21:53:58(1003) - info - 29 - DokoServer - Send to Volker: {"command":"DisplayMessage","params":{"message":"2021-04-07T21:53:58.272084100"}}
2021-04-07 21:53:59(1003) - info - 29 - DokoServer - Send to Volker: {"command":"DisplayMessage","params":{"message":"2021-04-07T21:53:59.275377700"}}
2021-04-07 21:54:00(1001) - info - 29 - DokoServer - Send to Volker: {"command":"DisplayMessage","params":{"message":"2021-04-07T21:54:00.276837100"}}
2021-04-07 21:54:01(1000) - info - 29 - DokoServer - Send to Volker: {"command":"DisplayMessage","params":{"message":"2021-04-07T21:54:01.276932300"}}
2021-04-07 21:54:02(1001) - info - 29 - DokoServer - Send to Volker: {"command":"DisplayMessage","params":{"message":"2021-04-07T21:54:02.277885900"}}
2021-04-07 21:54:03(1002) - info - 29 - DokoServer - Send to Volker: {"command":"DisplayMessage","params":{"message":"2021-04-07T21:54:03.279307600"}}
2021-04-07 21:54:04(1002) - info - 29 - DokoServer - Send to Volker: {"command":"DisplayMessage","params":{"message":"2021-04-07T21:54:04.281768700"}}
2021-04-07 21:54:05(1002) - info - 29 - DokoServer - Send to Volker: {"command":"DisplayMessage","params":{"message":"2021-04-07T21:54:05.283425900"}}
2021-04-07 21:54:06(1002) - info - 29 - DokoServer - Send to Volker: {"command":"DisplayMessage","params":{"message":"2021-04-07T21:54:06.285419500"}}
2021-04-07 21:54:07(1007) - info - 29 - DokoServer - Send to Volker: {"command":"DisplayMessage","params":{"message":"2021-04-07T21:54:07.287319100"}}
2021-04-07 21:54:08(1012) - info - 29 - DokoServer - Send to Volker: {"command":"DisplayMessage","params":{"message":"2021-04-07T21:54:08.304320100"}}
2021-04-07 21:54:09(1002) - info - 29 - DokoServer - Send to Volker: {"command":"DisplayMessage","params":{"message":"2021-04-07T21:54:09.306421800"}}
2021-04-07 21:54:10(1002) - info - 29 - DokoServer - Send to Volker: {"command":"DisplayMessage","params":{"message":"2021-04-07T21:54:10.308366400"}}
2021-04-07 21:54:11(1002) - info - 29 - DokoServer - Send to Volker: {"command":"DisplayMessage","params":{"message":"2021-04-07T21:54:11.310851100"}}
2021-04-07 21:54:12(1003) - info - 29 - DokoServer - Send to Volker: {"command":"DisplayMessage","params":{"message":"2021-04-07T21:54:12.313295300"}}
2021-04-07 21:54:13(1002) - info - 29 - DokoServer - Send to Volker: {"command":"DisplayMessage","params":{"message":"2021-04-07T21:54:13.315195600"}}
2021-04-07 21:54:14(1003) - info - 29 - DokoServer - Send to Volker: {"command":"DisplayMessage","params":{"message":"2021-04-07T21:54:14.318086600"}}
2021-04-07 21:54:15(1002) - info - 29 - DokoServer - Send to Volker: {"command":"DisplayMessage","params":{"message":"2021-04-07T21:54:15.320853900"}}
2021-04-07 21:54:16(1002) - info - 29 - DokoServer - Send to Volker: {"command":"DisplayMessage","params":{"message":"2021-04-07T21:54:16.322916800"}}
2021-04-07 21:54:17(1002) - info - 29 - DokoServer - Send to Volker: {"command":"DisplayMessage","params":{"message":"2021-04-07T21:54:17.324891100"}}
2021-04-07 21:54:18(1004) - info - 29 - DokoServer - Send to Volker: {"command":"DisplayMessage","params":{"message":"2021-04-07T21:54:18.327318400"}}
