2021-01-24 11:45:08 - info - Main - starting Lobby UI
2021-01-24 11:47:31 - info - DokoServer - Creating ServerSocket...
2021-01-24 11:47:31 - info - DokoServer - ServerSocket created
2021-01-24 11:47:31 - info - Main - Connected to Server
2021-01-24 11:47:31 - info - DokoServer - Connection established
2021-01-24 11:47:32 - info - DokoServer - Received: AddPlayer
2021-01-24 11:47:36 - info - DokoServer - Connection established
2021-01-24 11:47:36 - info - DokoServer - Received: AddPlayer
2021-01-24 11:53:49 - info - Main - starting Lobby UI
2021-01-24 11:54:01 - info - DokoServer - Creating ServerSocket...
2021-01-24 11:54:01 - info - DokoServer - ServerSocket created
2021-01-24 11:54:01 - info - Main - Connected to Server
2021-01-24 11:54:01 - info - DokoServer - Connection established
2021-01-24 11:54:02 - info - DokoServer - Received: AddPlayer
2021-01-24 11:59:31 - info - Main - starting Lobby UI
2021-01-24 12:39:52 - info - Main - starting Lobby UI
2021-01-24 12:40:04 - info - Main - verbinde
2021-01-24 12:40:04 - info - Main - Connected to Server
2021-01-24 12:40:04 - info - Main - verbunden
2021-01-24 12:40:04 - info - Main - s1
2021-01-24 12:40:04 - info - Main - s2
2021-01-24 12:40:04 - info - Main - s3
