2021-04-07 20:55:42(0) - info - 32 - DokoClient - creating UI
2021-04-07 20:55:43(16) - info - 32 - DokoClient - creating play area
2021-04-07 20:55:43(40) - info - 32 - DokoClient - creating hud
2021-04-07 20:55:43(0) - info - 32 - DokoClient - setting components
2021-04-07 20:55:43(0) - info - 32 - DokoClient - components set
2021-04-07 20:55:43(0) - info - 32 - DokoClient - listeners added
2021-04-07 20:55:43(0) - info - 32 - DokoClient - starting to redraw
2021-04-07 20:55:44(1749) - info - 32 - DokoClient - redraw finished
2021-04-07 20:55:44(0) - info - 32 - DokoClient - finished UI creation
2021-04-07 20:55:46(1459) - info - 32 - DokoClient - received: AnnounceSpectator
2021-04-07 20:55:46(0) - info - 32 - DokoClient - received: UpdateUserPanel
2021-04-07 20:55:46(23) - info - 23 - DokoClient - starting to redraw
2021-04-07 20:55:46(47) - info - 32 - DokoClient - received: Cards
2021-04-07 20:55:46(15) - info - 32 - DokoClient - received: SelectGame
2021-04-07 20:55:48(1750) - info - 23 - DokoClient - redraw finished
2021-04-07 21:07:08(15) - info - 32 - DokoClient - creating UI
2021-04-07 21:07:08(16) - info - 32 - DokoClient - creating play area
2021-04-07 21:07:08(22) - info - 32 - DokoClient - creating hud
2021-04-07 21:07:08(0) - info - 32 - DokoClient - setting components
2021-04-07 21:07:08(0) - info - 32 - DokoClient - components set
2021-04-07 21:07:08(0) - info - 32 - DokoClient - listeners added
2021-04-07 21:07:08(0) - info - 32 - DokoClient - starting to redraw
2021-04-07 21:07:10(1867) - info - 32 - DokoClient - redraw finished
2021-04-07 21:07:10(0) - info - 32 - DokoClient - finished UI creation
2021-04-07 21:07:11(1579) - info - 32 - DokoClient - received: AnnounceSpectator
2021-04-07 21:07:11(0) - info - 32 - DokoClient - received: UpdateUserPanel
2021-04-07 21:07:11(15) - info - 23 - DokoClient - starting to redraw
2021-04-07 21:07:11(46) - info - 32 - DokoClient - received: Cards
2021-04-07 21:07:11(16) - info - 32 - DokoClient - received: SelectGame
2021-04-07 21:07:13(1603) - info - 23 - DokoClient - redraw finished
2021-04-07 21:11:38(16) - info - 32 - DokoClient - creating UI
2021-04-07 21:11:38(15) - info - 32 - DokoClient - creating play area
2021-04-07 21:11:38(32) - info - 32 - DokoClient - creating hud
2021-04-07 21:11:38(0) - info - 32 - DokoClient - setting components
2021-04-07 21:11:38(0) - info - 32 - DokoClient - components set
2021-04-07 21:11:38(0) - info - 32 - DokoClient - listeners added
2021-04-07 21:11:38(0) - info - 32 - DokoClient - starting to redraw
2021-04-07 21:11:40(1804) - info - 32 - DokoClient - redraw finished
2021-04-07 21:11:40(0) - info - 32 - DokoClient - finished UI creation
2021-04-07 21:11:40(0) - info - 32 - DokoClient - received: DisplayMessage
2021-04-07 21:11:41(1256) - info - 32 - DokoClient - received: DisplayMessage
2021-04-07 21:11:41(0) - info - 32 - DokoClient - received: AnnounceSpectator
2021-04-07 21:11:41(0) - info - 32 - DokoClient - received: UpdateUserPanel
2021-04-07 21:11:41(16) - info - 23 - DokoClient - starting to redraw
2021-04-07 21:11:41(47) - info - 32 - DokoClient - received: Cards
2021-04-07 21:11:41(15) - info - 32 - DokoClient - received: SelectGame
2021-04-07 21:11:43(1742) - info - 23 - DokoClient - redraw finished
2021-04-07 21:11:43(185) - info - 32 - DokoClient - received: DisplayMessage
2021-04-07 21:11:45(2004) - info - 32 - DokoClient - received: DisplayMessage
2021-04-07 21:11:47(2004) - info - 32 - DokoClient - received: DisplayMessage
2021-04-07 21:11:49(2004) - info - 32 - DokoClient - received: DisplayMessage
2021-04-07 21:11:51(2005) - info - 32 - DokoClient - received: DisplayMessage
2021-04-07 21:11:53(2004) - info - 32 - DokoClient - received: DisplayMessage
2021-04-07 21:16:26(0) - info - 31 - DokoClient - creating UI
2021-04-07 21:16:26(38) - info - 31 - DokoClient - creating play area
2021-04-07 21:16:26(16) - info - 31 - DokoClient - creating hud
2021-04-07 21:16:26(0) - info - 31 - DokoClient - setting components
2021-04-07 21:16:26(0) - info - 31 - DokoClient - components set
2021-04-07 21:16:26(16) - info - 31 - DokoClient - listeners added
2021-04-07 21:16:26(0) - info - 31 - DokoClient - starting to redraw
2021-04-07 21:16:28(1772) - info - 31 - DokoClient - redraw finished
2021-04-07 21:16:28(0) - info - 31 - DokoClient - finished UI creation
2021-04-07 21:16:28(0) - info - 31 - DokoClient - received: DisplayMessage
2021-04-07 21:16:28(162) - info - 31 - DokoClient - received: DisplayMessage
2021-04-07 21:16:29(1002) - info - 31 - DokoClient - received: DisplayMessage
2021-04-07 21:16:29(116) - info - 31 - DokoClient - received: AnnounceSpectator
2021-04-07 21:16:29(0) - info - 31 - DokoClient - received: UpdateUserPanel
2021-04-07 21:16:29(22) - info - 23 - DokoClient - starting to redraw
2021-04-07 21:16:30(47) - info - 31 - DokoClient - received: Cards
2021-04-07 21:16:30(16) - info - 31 - DokoClient - received: SelectGame
2021-04-07 21:16:30(940) - info - 31 - DokoClient - received: DisplayMessage
2021-04-07 21:16:31(632) - info - 23 - DokoClient - redraw finished
2021-04-07 21:16:31(370) - info - 31 - DokoClient - received: DisplayMessage
2021-04-07 21:16:32(1003) - info - 31 - DokoClient - received: DisplayMessage
2021-04-07 21:16:33(1002) - info - 31 - DokoClient - received: DisplayMessage
2021-04-07 21:16:34(1004) - info - 31 - DokoClient - received: DisplayMessage
2021-04-07 21:16:35(1004) - info - 31 - DokoClient - received: DisplayMessage
2021-04-07 21:16:36(1004) - info - 31 - DokoClient - received: DisplayMessage
2021-04-07 21:16:38(1004) - info - 31 - DokoClient - received: DisplayMessage
2021-04-07 21:16:39(1002) - info - 31 - DokoClient - received: DisplayMessage
2021-04-07 21:16:40(1003) - info - 31 - DokoClient - received: DisplayMessage
2021-04-07 21:16:41(1014) - info - 31 - DokoClient - received: DisplayMessage
2021-04-07 21:16:42(1012) - info - 31 - DokoClient - received: DisplayMessage
2021-04-07 21:16:43(1011) - info - 31 - DokoClient - received: DisplayMessage
2021-04-07 21:16:44(1005) - info - 31 - DokoClient - received: DisplayMessage
2021-04-07 21:16:45(1002) - info - 31 - DokoClient - received: DisplayMessage
2021-04-07 21:16:46(1004) - info - 31 - DokoClient - received: DisplayMessage
2021-04-07 21:16:47(1003) - info - 31 - DokoClient - received: DisplayMessage
2021-04-07 21:16:48(1002) - info - 31 - DokoClient - received: DisplayMessage
2021-04-07 21:16:49(1004) - info - 31 - DokoClient - received: DisplayMessage
2021-04-07 21:16:50(1002) - info - 31 - DokoClient - received: DisplayMessage
2021-04-07 21:16:51(1002) - info - 31 - DokoClient - received: DisplayMessage
2021-04-07 21:16:52(1004) - info - 31 - DokoClient - received: DisplayMessage
2021-04-07 21:16:53(1004) - info - 31 - DokoClient - received: DisplayMessage
2021-04-07 21:16:54(1003) - info - 31 - DokoClient - received: DisplayMessage
2021-04-07 21:16:55(1004) - info - 31 - DokoClient - received: DisplayMessage
2021-04-07 21:16:56(1001) - info - 31 - DokoClient - received: DisplayMessage
2021-04-07 21:16:57(1001) - info - 31 - DokoClient - received: DisplayMessage
2021-04-07 21:16:58(1002) - info - 31 - DokoClient - received: DisplayMessage
2021-04-07 21:16:59(1002) - info - 31 - DokoClient - received: DisplayMessage
2021-04-07 21:17:00(1002) - info - 31 - DokoClient - received: DisplayMessage
2021-04-07 21:17:01(1002) - info - 31 - DokoClient - received: DisplayMessage
2021-04-07 21:17:02(1002) - info - 31 - DokoClient - received: DisplayMessage
2021-04-07 21:17:03(1004) - info - 31 - DokoClient - received: DisplayMessage
2021-04-07 21:17:04(1002) - info - 31 - DokoClient - received: DisplayMessage
2021-04-07 21:17:05(1003) - info - 31 - DokoClient - received: DisplayMessage
2021-04-07 21:17:06(1005) - info - 31 - DokoClient - received: DisplayMessage
2021-04-07 21:17:07(1003) - info - 31 - DokoClient - received: DisplayMessage
2021-04-07 21:17:08(1015) - info - 31 - DokoClient - received: DisplayMessage
2021-04-07 21:17:09(1006) - info - 31 - DokoClient - received: DisplayMessage
2021-04-07 21:17:10(1001) - info - 31 - DokoClient - received: DisplayMessage
2021-04-07 21:17:11(1013) - info - 31 - DokoClient - received: DisplayMessage
2021-04-07 21:17:12(1002) - info - 31 - DokoClient - received: DisplayMessage
2021-04-07 21:18:01(16) - info - 31 - DokoClient - creating UI
2021-04-07 21:18:01(16) - info - 31 - DokoClient - creating play area
2021-04-07 21:18:01(15) - info - 31 - DokoClient - creating hud
2021-04-07 21:18:01(16) - info - 31 - DokoClient - setting components
2021-04-07 21:18:01(0) - info - 31 - DokoClient - components set
2021-04-07 21:18:01(0) - info - 31 - DokoClient - listeners added
2021-04-07 21:18:01(0) - info - 31 - DokoClient - starting to redraw
2021-04-07 21:18:02(1772) - info - 31 - DokoClient - redraw finished
2021-04-07 21:18:02(0) - info - 31 - DokoClient - finished UI creation
2021-04-07 21:18:02(0) - info - 31 - DokoClient - received: DisplayMessage
2021-04-07 21:18:03(163) - info - 31 - DokoClient - received: DisplayMessage
2021-04-07 21:18:04(1004) - info - 31 - DokoClient - received: DisplayMessage
2021-04-07 21:18:04(343) - info - 31 - DokoClient - received: AnnounceSpectator
2021-04-07 21:18:04(0) - info - 31 - DokoClient - received: UpdateUserPanel
2021-04-07 21:18:04(16) - info - 23 - DokoClient - starting to redraw
2021-04-07 21:18:04(47) - info - 31 - DokoClient - received: Cards
2021-04-07 21:18:04(16) - info - 31 - DokoClient - received: SelectGame
2021-04-07 21:18:05(934) - info - 31 - DokoClient - received: DisplayMessage
2021-04-07 21:18:06(686) - info - 23 - DokoClient - redraw finished
2021-04-07 21:18:06(316) - info - 31 - DokoClient - received: DisplayMessage
2021-04-07 21:18:07(1002) - info - 31 - DokoClient - received: DisplayMessage
2021-04-07 21:18:08(1004) - info - 31 - DokoClient - received: DisplayMessage
2021-04-07 21:18:09(1005) - info - 31 - DokoClient - received: DisplayMessage
2021-04-07 21:18:10(1003) - info - 31 - DokoClient - received: DisplayMessage
2021-04-07 21:18:11(1006) - info - 31 - DokoClient - received: DisplayMessage
2021-04-07 21:18:12(1005) - info - 31 - DokoClient - received: DisplayMessage
2021-04-07 21:18:13(1011) - info - 31 - DokoClient - received: DisplayMessage
2021-04-07 21:18:14(1011) - info - 31 - DokoClient - received: DisplayMessage
2021-04-07 21:18:15(1007) - info - 31 - DokoClient - received: DisplayMessage
2021-04-07 21:18:16(1004) - info - 31 - DokoClient - received: DisplayMessage
2021-04-07 21:18:17(1004) - info - 31 - DokoClient - received: DisplayMessage
2021-04-07 21:18:18(1001) - info - 31 - DokoClient - received: DisplayMessage
2021-04-07 21:18:19(1007) - info - 31 - DokoClient - received: DisplayMessage
2021-04-07 21:18:20(1004) - info - 31 - DokoClient - received: DisplayMessage
2021-04-07 21:18:21(1003) - info - 31 - DokoClient - received: DisplayMessage
2021-04-07 21:18:22(1001) - info - 31 - DokoClient - received: DisplayMessage
2021-04-07 21:18:23(1007) - info - 31 - DokoClient - received: DisplayMessage
2021-04-07 21:18:24(1002) - info - 31 - DokoClient - received: DisplayMessage
2021-04-07 21:18:25(1004) - info - 31 - DokoClient - received: DisplayMessage
2021-04-07 21:18:26(1004) - info - 31 - DokoClient - received: DisplayMessage
2021-04-07 21:18:27(1002) - info - 31 - DokoClient - received: DisplayMessage
2021-04-07 21:18:28(1002) - info - 31 - DokoClient - received: DisplayMessage
2021-04-07 21:18:29(1004) - info - 31 - DokoClient - received: DisplayMessage
2021-04-07 21:18:30(1003) - info - 31 - DokoClient - received: DisplayMessage
2021-04-07 21:18:31(1003) - info - 31 - DokoClient - received: DisplayMessage
2021-04-07 21:18:32(1006) - info - 31 - DokoClient - received: DisplayMessage
2021-04-07 21:18:33(1000) - info - 31 - DokoClient - received: DisplayMessage
2021-04-07 21:18:34(1004) - info - 31 - DokoClient - received: DisplayMessage
2021-04-07 21:18:35(1007) - info - 31 - DokoClient - received: DisplayMessage
2021-04-07 21:18:36(1003) - info - 31 - DokoClient - received: DisplayMessage
2021-04-07 21:18:37(1002) - info - 31 - DokoClient - received: DisplayMessage
2021-04-07 21:18:38(1002) - info - 31 - DokoClient - received: DisplayMessage
2021-04-07 21:18:39(1004) - info - 31 - DokoClient - received: DisplayMessage
2021-04-07 21:18:40(1002) - info - 31 - DokoClient - received: DisplayMessage
2021-04-07 21:18:41(1004) - info - 31 - DokoClient - received: DisplayMessage
2021-04-07 21:18:42(1013) - info - 31 - DokoClient - received: DisplayMessage
2021-04-07 21:18:43(1006) - info - 31 - DokoClient - received: DisplayMessage
2021-04-07 21:18:44(1004) - info - 31 - DokoClient - received: DisplayMessage
2021-04-07 21:18:45(1006) - info - 31 - DokoClient - received: DisplayMessage
2021-04-07 21:18:46(1004) - info - 31 - DokoClient - received: DisplayMessage
2021-04-07 21:18:47(1002) - info - 31 - DokoClient - received: DisplayMessage
2021-04-07 21:18:48(1002) - info - 31 - DokoClient - received: DisplayMessage
2021-04-07 21:18:49(1005) - info - 31 - DokoClient - received: DisplayMessage
2021-04-07 21:18:50(1006) - info - 31 - DokoClient - received: DisplayMessage
2021-04-07 21:18:51(1013) - info - 31 - DokoClient - received: DisplayMessage
2021-04-07 21:18:52(1011) - info - 31 - DokoClient - received: DisplayMessage
2021-04-07 21:18:53(1004) - info - 31 - DokoClient - received: DisplayMessage
2021-04-07 21:18:54(1005) - info - 31 - DokoClient - received: DisplayMessage
2021-04-07 21:18:55(1004) - info - 31 - DokoClient - received: DisplayMessage
2021-04-07 21:18:56(1005) - info - 31 - DokoClient - received: DisplayMessage
2021-04-07 21:18:57(1004) - info - 31 - DokoClient - received: DisplayMessage
2021-04-07 21:18:58(1007) - info - 31 - DokoClient - received: DisplayMessage
2021-04-07 21:18:59(1001) - info - 31 - DokoClient - received: DisplayMessage
2021-04-07 21:19:00(1002) - info - 31 - DokoClient - received: DisplayMessage
2021-04-07 21:19:01(1019) - info - 31 - DokoClient - received: DisplayMessage
2021-04-07 21:19:02(1004) - info - 31 - DokoClient - received: DisplayMessage
2021-04-07 21:19:03(1027) - info - 31 - DokoClient - received: DisplayMessage
2021-04-07 21:19:04(1002) - info - 31 - DokoClient - received: DisplayMessage
2021-04-07 21:19:05(1002) - info - 31 - DokoClient - received: DisplayMessage
2021-04-07 21:19:06(1005) - info - 31 - DokoClient - received: DisplayMessage
2021-04-07 21:19:07(1004) - info - 31 - DokoClient - received: DisplayMessage
2021-04-07 21:19:08(1002) - info - 31 - DokoClient - received: DisplayMessage
2021-04-07 21:19:09(1004) - info - 31 - DokoClient - received: DisplayMessage
2021-04-07 21:19:10(1003) - info - 31 - DokoClient - received: DisplayMessage
2021-04-07 21:19:11(1002) - info - 31 - DokoClient - received: DisplayMessage
2021-04-07 21:19:12(1001) - info - 31 - DokoClient - received: DisplayMessage
2021-04-07 21:19:13(1006) - info - 31 - DokoClient - received: DisplayMessage
2021-04-07 21:19:14(1019) - info - 31 - DokoClient - received: DisplayMessage
2021-04-07 21:19:15(1012) - info - 31 - DokoClient - received: DisplayMessage
2021-04-07 21:19:16(1002) - info - 31 - DokoClient - received: DisplayMessage
2021-04-07 21:19:17(1002) - info - 31 - DokoClient - received: DisplayMessage
2021-04-07 21:19:18(1003) - info - 31 - DokoClient - received: DisplayMessage
2021-04-07 21:19:19(1002) - info - 31 - DokoClient - received: DisplayMessage
2021-04-07 21:19:20(1002) - info - 31 - DokoClient - received: DisplayMessage
2021-04-07 21:19:21(1004) - info - 31 - DokoClient - received: DisplayMessage
2021-04-07 21:19:22(1001) - info - 31 - DokoClient - received: DisplayMessage
2021-04-07 21:19:23(1002) - info - 31 - DokoClient - received: DisplayMessage
2021-04-07 21:19:24(1003) - info - 31 - DokoClient - received: DisplayMessage
2021-04-07 21:19:25(1002) - info - 31 - DokoClient - received: DisplayMessage
2021-04-07 21:19:26(1003) - info - 31 - DokoClient - received: DisplayMessage
2021-04-07 21:19:27(1002) - info - 31 - DokoClient - received: DisplayMessage
2021-04-07 21:19:35(7378) - info - 31 - DokoClient - received: DisplayMessage
2021-04-07 21:19:35(0) - info - 31 - DokoClient - received: DisplayMessage
2021-04-07 21:19:36(1018) - info - 31 - DokoClient - received: DisplayMessage
2021-04-07 21:19:37(1003) - info - 31 - DokoClient - received: DisplayMessage
2021-04-07 21:19:38(1002) - info - 31 - DokoClient - received: DisplayMessage
2021-04-07 21:19:39(1006) - info - 31 - DokoClient - received: DisplayMessage
2021-04-07 21:19:40(1005) - info - 31 - DokoClient - received: DisplayMessage
2021-04-07 21:19:41(1004) - info - 31 - DokoClient - received: DisplayMessage
2021-04-07 21:19:42(1004) - info - 31 - DokoClient - received: DisplayMessage
2021-04-07 21:19:43(1002) - info - 31 - DokoClient - received: DisplayMessage
2021-04-07 21:19:44(1004) - info - 31 - DokoClient - received: DisplayMessage
2021-04-07 21:19:45(1004) - info - 31 - DokoClient - received: DisplayMessage
2021-04-07 21:19:46(1003) - info - 31 - DokoClient - received: DisplayMessage
2021-04-07 21:19:47(1003) - info - 31 - DokoClient - received: DisplayMessage
2021-04-07 21:19:48(1002) - info - 31 - DokoClient - received: DisplayMessage
2021-04-07 21:19:49(1002) - info - 31 - DokoClient - received: DisplayMessage
2021-04-07 21:19:50(1003) - info - 31 - DokoClient - received: DisplayMessage
2021-04-07 21:19:51(1002) - info - 31 - DokoClient - received: DisplayMessage
2021-04-07 21:19:52(1003) - info - 31 - DokoClient - received: DisplayMessage
2021-04-07 21:19:53(1002) - info - 31 - DokoClient - received: DisplayMessage
2021-04-07 21:19:54(1001) - info - 31 - DokoClient - received: DisplayMessage
2021-04-07 21:19:55(1006) - info - 31 - DokoClient - received: DisplayMessage
2021-04-07 21:19:56(1004) - info - 31 - DokoClient - received: DisplayMessage
2021-04-07 21:19:57(1006) - info - 31 - DokoClient - received: DisplayMessage
2021-04-07 21:19:58(1003) - info - 31 - DokoClient - received: DisplayMessage
2021-04-07 21:19:59(1005) - info - 31 - DokoClient - received: DisplayMessage
2021-04-07 21:20:00(1003) - info - 31 - DokoClient - received: DisplayMessage
2021-04-07 21:20:01(1002) - info - 31 - DokoClient - received: DisplayMessage
2021-04-07 21:20:02(1006) - info - 31 - DokoClient - received: DisplayMessage
2021-04-07 21:20:03(1005) - info - 31 - DokoClient - received: DisplayMessage
2021-04-07 21:20:04(1003) - info - 31 - DokoClient - received: DisplayMessage
2021-04-07 21:20:05(1003) - info - 31 - DokoClient - received: DisplayMessage
2021-04-07 21:20:06(1003) - info - 31 - DokoClient - received: DisplayMessage
2021-04-07 21:20:07(1005) - info - 31 - DokoClient - received: DisplayMessage
2021-04-07 21:20:08(1005) - info - 31 - DokoClient - received: DisplayMessage
2021-04-07 21:20:09(1024) - info - 31 - DokoClient - received: DisplayMessage
2021-04-07 21:20:10(1013) - info - 31 - DokoClient - received: DisplayMessage
2021-04-07 21:20:11(1006) - info - 31 - DokoClient - received: DisplayMessage
2021-04-07 21:20:12(1004) - info - 31 - DokoClient - received: DisplayMessage
2021-04-07 21:20:13(1006) - info - 31 - DokoClient - received: DisplayMessage
2021-04-07 21:20:14(999) - info - 31 - DokoClient - received: DisplayMessage
2021-04-07 21:20:15(1006) - info - 31 - DokoClient - received: DisplayMessage
2021-04-07 21:20:16(1008) - info - 31 - DokoClient - received: DisplayMessage
2021-04-07 21:20:17(1000) - info - 31 - DokoClient - received: DisplayMessage
2021-04-07 21:20:18(1004) - info - 31 - DokoClient - received: DisplayMessage
2021-04-07 21:20:19(1006) - info - 31 - DokoClient - received: DisplayMessage
2021-04-07 21:20:20(1007) - info - 31 - DokoClient - received: DisplayMessage
2021-04-07 21:20:21(1001) - info - 31 - DokoClient - received: DisplayMessage
2021-04-07 21:20:22(1006) - info - 31 - DokoClient - received: DisplayMessage
2021-04-07 21:20:23(1004) - info - 31 - DokoClient - received: DisplayMessage
2021-04-07 21:20:24(1004) - info - 31 - DokoClient - received: DisplayMessage
2021-04-07 21:20:25(1005) - info - 31 - DokoClient - received: DisplayMessage
2021-04-07 21:20:26(1004) - info - 31 - DokoClient - received: DisplayMessage
2021-04-07 21:20:27(1016) - info - 31 - DokoClient - received: DisplayMessage
2021-04-07 21:20:28(1027) - info - 31 - DokoClient - received: DisplayMessage
2021-04-07 21:20:29(1004) - info - 31 - DokoClient - received: DisplayMessage
2021-04-07 21:20:30(1001) - info - 31 - DokoClient - received: DisplayMessage
2021-04-07 21:20:31(1004) - info - 31 - DokoClient - received: DisplayMessage
2021-04-07 21:20:32(1007) - info - 31 - DokoClient - received: DisplayMessage
2021-04-07 21:20:33(1004) - info - 31 - DokoClient - received: DisplayMessage
2021-04-07 21:20:34(1003) - info - 31 - DokoClient - received: DisplayMessage
2021-04-07 21:20:35(1002) - info - 31 - DokoClient - received: DisplayMessage
2021-04-07 21:20:36(1005) - info - 31 - DokoClient - received: DisplayMessage
2021-04-07 21:20:37(1005) - info - 31 - DokoClient - received: DisplayMessage
2021-04-07 21:20:38(1003) - info - 31 - DokoClient - received: DisplayMessage
2021-04-07 21:20:39(1004) - info - 31 - DokoClient - received: DisplayMessage
2021-04-07 21:20:40(1002) - info - 31 - DokoClient - received: DisplayMessage
2021-04-07 21:20:41(1002) - info - 31 - DokoClient - received: DisplayMessage
2021-04-07 21:42:49(0) - info - 32 - DokoClient - creating UI
2021-04-07 21:42:49(45) - info - 32 - DokoClient - creating play area
2021-04-07 21:42:49(18) - info - 32 - DokoClient - creating hud
2021-04-07 21:42:49(0) - info - 32 - DokoClient - setting components
2021-04-07 21:42:49(0) - info - 32 - DokoClient - components set
2021-04-07 21:42:49(16) - info - 32 - DokoClient - listeners added
2021-04-07 21:42:49(0) - info - 32 - DokoClient - starting to redraw
2021-04-07 21:42:51(1948) - info - 32 - DokoClient - redraw finished
2021-04-07 21:42:51(0) - info - 32 - DokoClient - finished UI creation
2021-04-07 21:42:52(765) - info - 32 - DokoClient - received: AnnounceSpectator
2021-04-07 21:42:52(0) - info - 32 - DokoClient - received: UpdateUserPanel
2021-04-07 21:42:52(69) - info - 32 - DokoClient - received: UpdateUserPanel
2021-04-07 21:42:52(15) - info - 32 - DokoClient - received: Cards
2021-04-07 21:42:52(38) - info - 32 - DokoClient - received: SelectGame
2021-04-07 21:43:02(10043) - info - 23 - DokoClient - starting to redraw
2021-04-07 21:43:03(1188) - info - 23 - DokoClient - redraw finished
2021-04-07 21:43:03(200) - info - 23 - DokoClient - starting to redraw
2021-04-07 21:43:05(1658) - info - 23 - DokoClient - redraw finished
2021-04-07 21:43:30(24680) - info - 32 - DokoClient - received: DisplayMessage
2021-04-07 21:43:31(1604) - info - 32 - DokoClient - received: DisplayMessage
2021-04-07 21:51:15(15) - info - 32 - DokoClient - creating UI
2021-04-07 21:51:16(68) - info - 32 - DokoClient - creating play area
2021-04-07 21:51:16(31) - info - 32 - DokoClient - creating hud
2021-04-07 21:51:16(16) - info - 32 - DokoClient - setting components
2021-04-07 21:51:16(15) - info - 32 - DokoClient - components set
2021-04-07 21:51:16(0) - info - 32 - DokoClient - listeners added
2021-04-07 21:51:16(0) - info - 32 - DokoClient - starting to redraw
2021-04-07 21:51:18(2614) - info - 32 - DokoClient - redraw finished
2021-04-07 21:51:18(0) - info - 32 - DokoClient - finished UI creation
2021-04-07 21:51:18(0) - info - 32 - DokoClient - received: DisplayMessage
2021-04-07 21:51:18(0) - info - 32 - DokoClient - received: DisplayMessage
2021-04-07 21:51:18(269) - info - 32 - DokoClient - received: DisplayMessage
2021-04-07 21:51:19(163) - info - 32 - DokoClient - received: AnnounceSpectator
2021-04-07 21:51:19(15) - info - 32 - DokoClient - received: UpdateUserPanel
2021-04-07 21:51:19(27) - info - 23 - DokoClient - starting to redraw
2021-04-07 21:51:19(80) - info - 32 - DokoClient - received: UpdateUserPanel
2021-04-07 21:51:19(15) - info - 32 - DokoClient - received: UpdateUserPanel
2021-04-07 21:51:19(0) - info - 32 - DokoClient - received: UpdateUserPanel
2021-04-07 21:51:19(16) - info - 32 - DokoClient - received: Cards
2021-04-07 21:51:19(24) - info - 32 - DokoClient - received: SelectGame
2021-04-07 21:51:20(891) - info - 32 - DokoClient - received: DisplayMessage
2021-04-07 21:51:20(655) - info - 23 - DokoClient - redraw finished
2021-04-07 21:51:21(370) - info - 32 - DokoClient - received: DisplayMessage
2021-04-07 21:51:22(1002) - info - 32 - DokoClient - received: DisplayMessage
2021-04-07 21:51:23(1002) - info - 32 - DokoClient - received: DisplayMessage
2021-04-07 21:51:24(1004) - info - 32 - DokoClient - received: DisplayMessage
2021-04-07 21:51:25(1001) - info - 32 - DokoClient - received: DisplayMessage
2021-04-07 21:51:26(1002) - info - 32 - DokoClient - received: DisplayMessage
2021-04-07 21:51:27(1002) - info - 32 - DokoClient - received: DisplayMessage
2021-04-07 21:51:28(1002) - info - 32 - DokoClient - received: DisplayMessage
2021-04-07 21:51:29(1002) - info - 32 - DokoClient - received: DisplayMessage
2021-04-07 21:51:30(1003) - info - 32 - DokoClient - received: DisplayMessage
2021-04-07 21:51:31(1002) - info - 32 - DokoClient - received: DisplayMessage
2021-04-07 21:51:32(1002) - info - 32 - DokoClient - received: DisplayMessage
2021-04-07 21:51:33(1021) - info - 32 - DokoClient - received: DisplayMessage
2021-04-07 21:51:34(1013) - info - 32 - DokoClient - received: DisplayMessage
2021-04-07 21:51:35(1002) - info - 32 - DokoClient - received: DisplayMessage
2021-04-07 21:51:36(1002) - info - 32 - DokoClient - received: DisplayMessage
2021-04-07 21:51:37(1003) - info - 32 - DokoClient - received: DisplayMessage
2021-04-07 21:51:38(1002) - info - 32 - DokoClient - received: DisplayMessage
2021-04-07 21:51:38(168) - info - 23 - DokoClient - starting to redraw
2021-04-07 21:51:39(833) - info - 32 - DokoClient - received: DisplayMessage
2021-04-07 21:51:39(439) - info - 23 - DokoClient - redraw finished
2021-04-07 21:51:39(15) - info - 23 - DokoClient - starting to redraw
2021-04-07 21:51:40(556) - info - 32 - DokoClient - received: DisplayMessage
2021-04-07 21:51:41(1009) - info - 32 - DokoClient - received: DisplayMessage
2021-04-07 21:51:41(54) - info - 23 - DokoClient - redraw finished
2021-04-07 21:51:42(948) - info - 32 - DokoClient - received: DisplayMessage
2021-04-07 21:51:43(1001) - info - 32 - DokoClient - received: DisplayMessage
2021-04-07 21:51:44(1003) - info - 32 - DokoClient - received: DisplayMessage
2021-04-07 21:51:45(1002) - info - 32 - DokoClient - received: DisplayMessage
2021-04-07 21:51:46(1003) - info - 32 - DokoClient - received: DisplayMessage
2021-04-07 21:51:47(1004) - info - 32 - DokoClient - received: DisplayMessage
2021-04-07 21:51:48(1000) - info - 32 - DokoClient - received: DisplayMessage
2021-04-07 21:51:49(1002) - info - 32 - DokoClient - received: DisplayMessage
2021-04-07 21:51:50(1003) - info - 32 - DokoClient - received: DisplayMessage
2021-04-07 21:51:51(1001) - info - 32 - DokoClient - received: DisplayMessage
2021-04-07 21:51:52(1003) - info - 32 - DokoClient - received: DisplayMessage
2021-04-07 21:51:53(1001) - info - 32 - DokoClient - received: DisplayMessage
2021-04-07 21:51:55(1873) - info - 32 - DokoClient - received: DisplayMessage
2021-04-07 21:51:55(116) - info - 32 - DokoClient - received: DisplayMessage
2021-04-07 21:51:56(1002) - info - 32 - DokoClient - received: DisplayMessage
2021-04-07 21:51:57(871) - info - 32 - DokoClient - received: DisplayMessage
2021-04-07 21:51:58(1002) - info - 32 - DokoClient - received: DisplayMessage
2021-04-07 21:51:59(1003) - info - 32 - DokoClient - received: DisplayMessage
2021-04-07 21:51:59(15) - info - 32 - DokoClient - received: DisplayMessage
2021-04-07 21:51:59(21) - info - 32 - DokoClient - received: GameType
2021-04-07 21:51:59(88) - info - 32 - DokoClient - received: wait4Player
2021-04-07 21:52:00(926) - info - 32 - DokoClient - received: DisplayMessage
2021-04-07 21:52:01(1004) - info - 32 - DokoClient - received: DisplayMessage
2021-04-07 21:52:02(1002) - info - 32 - DokoClient - received: DisplayMessage
2021-04-07 21:52:02(493) - info - 32 - DokoClient - received: PutCard
