2021-04-20 21:58:01(80536) - info - 26 - Players - Simon is Re. Reason: hat Kreuz Dame
2021-04-20 21:58:01(75080) - info - 26 - Players - Thomas is Re. Reason: hat Kreuz Dame
2021-04-20 22:09:24(52855) - info - 25 - Players - Volker is Re. Reason: hat Kreuz Dame
2021-04-20 22:09:24(51613) - info - 25 - Players - Simon is Re. Reason: hat Kreuz Dame
2021-04-20 22:11:07(149605) - info - 25 - Players - Jens is Re. Reason: hat Kreuz Dame
2021-04-20 22:11:07(145930) - info - 25 - Players - Thomas is Re. Reason: hat Kreuz Dame
2021-04-20 22:11:56(152005) - info - 25 - Players - Volker is Re. Reason: spielt Solo
2021-04-20 22:12:55(108478) - info - 25 - Players - Jens is Re. Reason: hat Kreuz Dame
2021-04-21 21:22:42(40445) - info - 26 - Players - Volker is Re. Reason: hat Kreuz Dame
2021-04-21 21:22:42(25009) - info - 26 - Players - Simon is Re. Reason: hat Kreuz Dame
2021-04-21 21:34:09(19792) - info - 27 - Players - Simon is Re. Reason: hat Kreuz Dame
2021-04-21 21:39:50(31270) - info - 27 - Players - Simon is Re. Reason: hat Kreuz Dame
2021-04-21 21:42:45(28247) - info - 27 - Players - Simon is Re. Reason: hat Kreuz Dame
2021-04-21 21:42:45(20470) - info - 27 - Players - Thomas is Re. Reason: hat Kreuz Dame
2021-05-02 14:54:34(40653) - info - 27 - Players - Simon is Re. Reason: hat Kreuz Dame
2021-05-02 14:54:34(32744) - info - 27 - Players - Thomas is Re. Reason: hat Kreuz Dame
2021-05-02 15:12:54(25655) - info - 26 - Players - Volker is Re. Reason: hat Kreuz Dame
2021-05-02 15:12:54(19422) - info - 26 - Players - Thomas is Re. Reason: hat Kreuz Dame
2021-05-02 15:14:15(81647) - info - 26 - Players - Volker is Re. Reason: hat Kreuz Dame
2021-05-02 15:14:15(95812) - info - 26 - Players - Simon is Re. Reason: hat Kreuz Dame
2021-05-09 21:45:41(64652) - info - 27 - Players - Volker is Re. Reason: hat Kreuz Dame
2021-05-09 21:45:41(61475) - info - 27 - Players - Jens is Re. Reason: hat Kreuz Dame
2021-05-09 21:46:26(44933) - info - 27 - Players - Jens is Re. Reason: hat Kreuz Dame
2021-05-09 21:46:45(127000) - info - 27 - Players - Thomas is Re. Reason: hat Kreuz Dame
2021-05-09 21:46:45(125736) - info - 27 - Players - Simon is Re. Reason: hat Kreuz Dame
2021-05-09 21:47:11(89253) - info - 27 - Players - Volker is Re. Reason: ist arm
2021-05-09 22:06:41(69760) - info - 27 - Players - Volker is Re. Reason: hat Kreuz Dame
2021-05-09 22:06:41(64695) - info - 27 - Players - Simon is Re. Reason: hat Kreuz Dame
2021-05-09 22:06:56(15772) - info - 27 - Players - Volker is Re. Reason: hat Kreuz Dame
2021-05-09 22:07:14(17401) - info - 27 - Players - Volker is Re. Reason: hat Kreuz Dame
2021-05-09 22:07:14(101398) - info - 27 - Players - Jens is Re. Reason: hat Kreuz Dame
2021-05-09 22:07:29(14800) - info - 27 - Players - Jens is Re. Reason: hat Kreuz Dame
2021-05-09 22:07:29(107907) - info - 27 - Players - Thomas is Re. Reason: hat Kreuz Dame
2021-05-09 22:07:46(17707) - info - 27 - Players - Jens is Re. Reason: hat Kreuz Dame
2021-05-09 22:07:46(17707) - info - 27 - Players - Thomas is Re. Reason: hat Kreuz Dame
2021-05-09 22:08:00(46756) - info - 27 - Players - Volker is Re. Reason: hat Kreuz Dame
2021-05-09 22:08:00(14249) - info - 27 - Players - Thomas is Re. Reason: hat Kreuz Dame
2021-05-09 22:08:31(30333) - info - 27 - Players - Volker is Re. Reason: hat Kreuz Dame
2021-05-09 22:08:48(127172) - info - 27 - Players - Simon is Re. Reason: hat Kreuz Dame
2021-05-09 22:08:48(47251) - info - 27 - Players - Thomas is Re. Reason: hat Kreuz Dame
2021-05-09 22:09:58(87653) - info - 27 - Players - Volker is Re. Reason: ist arm
