2021-05-26 23:09:14(597) - info - 21 - Server - added message: startGame
2021-05-26 23:09:14(0) - info - 21 - Server - added message: startGame
2021-05-26 23:09:14(0) - info - 21 - Server - added message: startGame
2021-05-26 23:09:14(0) - info - 21 - Server - added message: startGame
2021-05-26 23:09:14(0) - info - 28 - Server - {"command":"startGame","params":{"game":"DOKO"}}
2021-05-26 23:09:14(10) - info - 28 - Server - {"command":"startGame","params":{"game":"DOKO"}}
2021-05-26 23:09:14(0) - info - 28 - Server - {"command":"startGame","params":{"game":"DOKO"}}
2021-05-26 23:09:14(0) - info - 21 - Server - added message: Admin
2021-05-26 23:09:14(5) - info - 28 - Server - {"command":"startGame","params":{"game":"DOKO"}}
2021-05-26 23:09:14(0) - info - 21 - Server - added message: AnnounceSpectator
2021-05-26 23:09:14(0) - info - 28 - Server - {"command":"Admin","params":{"isAdmin":true}}
2021-05-26 23:09:14(0) - info - 21 - Server - added message: AnnounceSpectator
2021-05-26 23:09:14(0) - info - 21 - Server - added message: AnnounceSpectator
2021-05-26 23:09:14(6) - info - 21 - Server - added message: AnnounceSpectator
2021-05-26 23:09:14(6) - info - 28 - Server - {"command":"AnnounceSpectator","params":{"player":4,"starter":0}}
2021-05-26 23:09:14(0) - info - 28 - Server - {"command":"AnnounceSpectator","params":{"player":4,"starter":0}}
2021-05-26 23:09:14(0) - info - 21 - Server - added message: UpdateUserPanel
2021-05-26 23:09:14(0) - info - 21 - Server - added message: UpdateUserPanel
2021-05-26 23:09:14(0) - info - 21 - Server - added message: UpdateUserPanel
2021-05-26 23:09:14(0) - info - 28 - Server - {"command":"AnnounceSpectator","params":{"player":4,"starter":0}}
2021-05-26 23:09:14(0) - info - 21 - Server - added message: UpdateUserPanel
2021-05-26 23:09:14(5) - info - 28 - Server - {"command":"AnnounceSpectator","params":{"player":4,"starter":0}}
2021-05-26 23:09:14(0) - info - 21 - Server - added message: UpdateUserPanel
2021-05-26 23:09:14(0) - info - 21 - Server - added message: UpdateUserPanel
2021-05-26 23:09:14(0) - info - 28 - Server - {"command":"UpdateUserPanel","params":{"player":"Volker","text":""}}
2021-05-26 23:09:14(0) - info - 21 - Server - added message: UpdateUserPanel
2021-05-26 23:09:14(0) - info - 28 - Server - {"command":"UpdateUserPanel","params":{"player":"Volker","text":""}}
2021-05-26 23:09:14(0) - info - 21 - Server - added message: UpdateUserPanel
2021-05-26 23:09:14(6) - info - 28 - Server - {"command":"UpdateUserPanel","params":{"player":"Volker","text":""}}
2021-05-26 23:09:14(6) - info - 21 - Server - added message: UpdateUserPanel
2021-05-26 23:09:14(0) - info - 21 - Server - added message: UpdateUserPanel
2021-05-26 23:09:14(0) - info - 28 - Server - {"command":"UpdateUserPanel","params":{"player":"Volker","text":""}}
2021-05-26 23:09:14(0) - info - 21 - Server - added message: UpdateUserPanel
2021-05-26 23:09:14(0) - info - 21 - Server - added message: UpdateUserPanel
2021-05-26 23:09:14(0) - info - 28 - Server - {"command":"UpdateUserPanel","params":{"player":"Thomas","text":""}}
2021-05-26 23:09:14(0) - info - 21 - Server - added message: UpdateUserPanel
2021-05-26 23:09:14(5) - info - 21 - Server - added message: UpdateUserPanel
2021-05-26 23:09:14(0) - info - 28 - Server - {"command":"UpdateUserPanel","params":{"player":"Thomas","text":""}}
2021-05-26 23:09:14(0) - info - 21 - Server - added message: UpdateUserPanel
2021-05-26 23:09:14(0) - info - 21 - Server - added message: UpdateUserPanel
2021-05-26 23:09:14(0) - info - 28 - Server - {"command":"UpdateUserPanel","params":{"player":"Thomas","text":""}}
2021-05-26 23:09:14(0) - info - 28 - Server - {"command":"UpdateUserPanel","params":{"player":"Thomas","text":""}}
2021-05-26 23:09:14(6) - info - 28 - Server - {"command":"UpdateUserPanel","params":{"player":"Simon","text":""}}
2021-05-26 23:09:14(6) - info - 21 - Server - added message: Cards
2021-05-26 23:09:14(0) - info - 21 - Server - added message: Cards
2021-05-26 23:09:14(0) - info - 28 - Server - {"command":"UpdateUserPanel","params":{"player":"Simon","text":""}}
2021-05-26 23:09:14(0) - info - 21 - Server - added message: Cards
2021-05-26 23:09:14(4) - info - 21 - Server - added message: Cards
2021-05-26 23:09:14(0) - info - 28 - Server - {"command":"UpdateUserPanel","params":{"player":"Simon","text":""}}
2021-05-26 23:09:14(0) - info - 21 - Server - added message: SelectGame
2021-05-26 23:09:14(3) - info - 21 - Server - added message: SelectGame
2021-05-26 23:09:14(3) - info - 28 - Server - {"command":"UpdateUserPanel","params":{"player":"Simon","text":""}}
2021-05-26 23:09:14(0) - info - 21 - Server - added message: SelectGame
2021-05-26 23:09:14(0) - info - 28 - Server - {"command":"UpdateUserPanel","params":{"player":"Jens","text":""}}
2021-05-26 23:09:14(0) - info - 21 - Server - added message: SelectGame
2021-05-26 23:09:14(3) - info - 28 - Server - {"command":"UpdateUserPanel","params":{"player":"Jens","text":""}}
2021-05-26 23:09:14(0) - info - 28 - Server - {"command":"UpdateUserPanel","params":{"player":"Jens","text":""}}
2021-05-26 23:09:14(0) - info - 28 - Server - {"command":"UpdateUserPanel","params":{"player":"Jens","text":""}}
2021-05-26 23:09:14(5) - info - 28 - Server - {"command":"Cards","params":{"cards":["Kreuz Dame","Pik Koenig","Pik 10","Karo Bube","Kreuz Koenig","Karo Koenig","Herz Bube","Kreuz Koenig","Pik Bube","Karo Koenig"]}}
2021-05-26 23:09:14(0) - info - 28 - Server - {"command":"Cards","params":{"cards":["Karo Dame","Herz Dame","Karo Ass","Pik Koenig","Kreuz 10","Kreuz Bube","Herz Ass","Herz Ass","Karo Bube","Pik Dame"]}}
2021-05-26 23:09:14(0) - info - 28 - Server - {"command":"Cards","params":{"cards":["Kreuz 10","Herz 10","Herz Dame","Karo 10","Pik Dame","Karo Ass","Kreuz Ass","Kreuz Bube","Kreuz Dame","Kreuz Ass"]}}
2021-05-26 23:09:14(0) - info - 28 - Server - {"command":"Cards","params":{"cards":["Herz Koenig","Pik Ass","Herz Koenig","Herz Bube","Pik 10","Pik Ass","Herz 10","Karo 10","Karo Dame","Pik Bube"]}}
2021-05-26 23:09:14(0) - info - 28 - Server - {"command":"SelectGame","params":{"0":0}}
2021-05-26 23:09:14(0) - info - 28 - Server - {"command":"SelectGame","params":{"0":0}}
2021-05-26 23:09:14(5) - info - 28 - Server - {"command":"SelectGame","params":{"0":0}}
2021-05-26 23:09:14(0) - info - 28 - Server - {"command":"SelectGame","params":{"0":0}}
2021-05-26 23:09:21(6843) - info - 27 - Server - messages to handle: 1
2021-05-26 23:09:21(0) - info - 27 - Server - added message: UpdateUserPanel
2021-05-26 23:09:21(0) - info - 27 - Server - added message: UpdateUserPanel
2021-05-26 23:09:21(0) - info - 27 - Server - added message: UpdateUserPanel
2021-05-26 23:09:21(0) - info - 27 - Server - added message: UpdateUserPanel
2021-05-26 23:09:21(0) - info - 27 - Server - added message: UpdateUserPanel
2021-05-26 23:09:21(0) - info - 28 - Server - {"command":"UpdateUserPanel","params":{"player":"Volker","text":""}}
2021-05-26 23:09:21(0) - info - 27 - Server - added message: UpdateUserPanel
2021-05-26 23:09:21(0) - info - 27 - Server - added message: UpdateUserPanel
2021-05-26 23:09:21(0) - info - 27 - Server - added message: UpdateUserPanel
2021-05-26 23:09:21(0) - info - 28 - Server - {"command":"UpdateUserPanel","params":{"player":"Volker","text":""}}
2021-05-26 23:09:21(0) - info - 27 - Server - added message: UpdateUserPanel
2021-05-26 23:09:21(11) - info - 27 - Server - added message: UpdateUserPanel
2021-05-26 23:09:21(11) - info - 28 - Server - {"command":"UpdateUserPanel","params":{"player":"Volker","text":""}}
2021-05-26 23:09:21(0) - info - 27 - Server - added message: UpdateUserPanel
2021-05-26 23:09:21(0) - info - 28 - Server - {"command":"UpdateUserPanel","params":{"player":"Volker","text":""}}
2021-05-26 23:09:21(0) - info - 27 - Server - added message: UpdateUserPanel
2021-05-26 23:09:21(0) - info - 27 - Server - added message: UpdateUserPanel
2021-05-26 23:09:21(0) - info - 28 - Server - {"command":"UpdateUserPanel","params":{"player":"Thomas","text":""}}
2021-05-26 23:09:21(0) - info - 27 - Server - added message: UpdateUserPanel
2021-05-26 23:09:21(0) - info - 27 - Server - added message: UpdateUserPanel
2021-05-26 23:09:21(0) - info - 27 - Server - added message: UpdateUserPanel
2021-05-26 23:09:21(0) - info - 28 - Server - {"command":"UpdateUserPanel","params":{"player":"Thomas","text":""}}
2021-05-26 23:09:21(0) - info - 27 - Server - added message: Cards
2021-05-26 23:09:21(0) - info - 27 - Server - added message: Cards
2021-05-26 23:09:21(0) - info - 28 - Server - {"command":"UpdateUserPanel","params":{"player":"Thomas","text":""}}
2021-05-26 23:09:21(10) - info - 28 - Server - {"command":"UpdateUserPanel","params":{"player":"Thomas","text":""}}
2021-05-26 23:09:21(10) - info - 27 - Server - added message: Cards
2021-05-26 23:09:21(0) - info - 28 - Server - {"command":"UpdateUserPanel","params":{"player":"Simon","text":""}}
2021-05-26 23:09:21(5) - info - 27 - Server - added message: Cards
2021-05-26 23:09:21(0) - info - 27 - Server - added message: SelectGame
2021-05-26 23:09:21(0) - info - 28 - Server - {"command":"UpdateUserPanel","params":{"player":"Simon","text":""}}
2021-05-26 23:09:21(0) - info - 27 - Server - added message: SelectGame
2021-05-26 23:09:21(0) - info - 27 - Server - added message: SelectGame
2021-05-26 23:09:21(0) - info - 28 - Server - {"command":"UpdateUserPanel","params":{"player":"Simon","text":""}}
2021-05-26 23:09:21(0) - info - 27 - Server - added message: SelectGame
2021-05-26 23:09:21(0) - info - 28 - Server - {"command":"UpdateUserPanel","params":{"player":"Simon","text":""}}
2021-05-26 23:09:21(0) - info - 28 - Server - {"command":"UpdateUserPanel","params":{"player":"Jens","text":""}}
2021-05-26 23:09:21(5) - info - 28 - Server - {"command":"UpdateUserPanel","params":{"player":"Jens","text":""}}
2021-05-26 23:09:21(0) - info - 28 - Server - {"command":"UpdateUserPanel","params":{"player":"Jens","text":""}}
2021-05-26 23:09:21(0) - info - 28 - Server - {"command":"UpdateUserPanel","params":{"player":"Jens","text":""}}
2021-05-26 23:09:21(0) - info - 28 - Server - {"command":"Cards","params":{"cards":["Kreuz 10","Karo Koenig","Herz Dame","Herz 10","Herz Ass","Pik Koenig","Herz Dame","Karo Dame","Herz Koenig","Pik Ass"]}}
2021-05-26 23:09:21(6957) - info - 27 - Server - Received: request from Volker
2021-05-26 23:09:21(2) - info - 28 - Server - {"command":"Cards","params":{"cards":["Pik Dame","Kreuz Ass","Herz Ass","Kreuz 10","Karo Ass","Herz Bube","Kreuz Koenig","Karo Koenig","Pik 10","Pik Dame"]}}
2021-05-26 23:09:21(3) - info - 28 - Server - {"command":"Cards","params":{"cards":["Karo Ass","Pik 10","Kreuz Bube","Karo Dame","Pik Bube","Kreuz Dame","Herz Bube","Pik Bube","Herz 10","Kreuz Dame"]}}
2021-05-26 23:09:21(1) - info - 28 - Server - {"command":"Cards","params":{"cards":["Karo Bube","Pik Koenig","Karo 10","Kreuz Bube","Karo Bube","Kreuz Ass","Karo 10","Pik Ass","Herz Koenig","Kreuz Koenig"]}}
2021-05-26 23:09:21(26) - info - 28 - Server - {"command":"SelectGame","params":{"0":0}}
2021-05-26 23:09:21(5) - info - 28 - Server - {"command":"SelectGame","params":{"0":0}}
2021-05-26 23:09:21(0) - info - 28 - Server - {"command":"SelectGame","params":{"0":0}}
2021-05-26 23:09:21(5) - info - 28 - Server - {"command":"SelectGame","params":{"0":0}}
2021-05-26 23:09:23(1814) - info - 27 - Server - messages to handle: 1
2021-05-26 23:09:23(0) - info - 27 - Server - added message: UpdateUserPanel
2021-05-26 23:09:23(0) - info - 27 - Server - added message: UpdateUserPanel
2021-05-26 23:09:23(0) - info - 27 - Server - added message: UpdateUserPanel
2021-05-26 23:09:23(0) - info - 27 - Server - added message: UpdateUserPanel
2021-05-26 23:09:23(0) - info - 27 - Server - added message: UpdateUserPanel
2021-05-26 23:09:23(0) - info - 27 - Server - added message: UpdateUserPanel
2021-05-26 23:09:23(0) - info - 28 - Server - {"command":"UpdateUserPanel","params":{"player":"Volker","text":""}}
2021-05-26 23:09:23(0) - info - 27 - Server - added message: UpdateUserPanel
2021-05-26 23:09:23(0) - info - 28 - Server - {"command":"UpdateUserPanel","params":{"player":"Volker","text":""}}
2021-05-26 23:09:23(0) - info - 27 - Server - added message: UpdateUserPanel
2021-05-26 23:09:23(11) - info - 27 - Server - added message: UpdateUserPanel
2021-05-26 23:09:23(0) - info - 28 - Server - {"command":"UpdateUserPanel","params":{"player":"Volker","text":""}}
2021-05-26 23:09:23(0) - info - 27 - Server - added message: UpdateUserPanel
2021-05-26 23:09:23(0) - info - 28 - Server - {"command":"UpdateUserPanel","params":{"player":"Volker","text":""}}
2021-05-26 23:09:23(0) - info - 27 - Server - added message: UpdateUserPanel
2021-05-26 23:09:23(0) - info - 28 - Server - {"command":"UpdateUserPanel","params":{"player":"Thomas","text":""}}
2021-05-26 23:09:23(5) - info - 27 - Server - added message: UpdateUserPanel
2021-05-26 23:09:23(0) - info - 27 - Server - added message: UpdateUserPanel
2021-05-26 23:09:23(0) - info - 28 - Server - {"command":"UpdateUserPanel","params":{"player":"Thomas","text":""}}
2021-05-26 23:09:23(0) - info - 27 - Server - added message: UpdateUserPanel
2021-05-26 23:09:23(0) - info - 28 - Server - {"command":"UpdateUserPanel","params":{"player":"Thomas","text":""}}
2021-05-26 23:09:23(5) - info - 27 - Server - added message: UpdateUserPanel
2021-05-26 23:09:23(0) - info - 28 - Server - {"command":"UpdateUserPanel","params":{"player":"Thomas","text":""}}
2021-05-26 23:09:23(0) - info - 27 - Server - added message: UpdateUserPanel
2021-05-26 23:09:23(0) - info - 27 - Server - added message: Cards
2021-05-26 23:09:23(5) - info - 28 - Server - {"command":"UpdateUserPanel","params":{"player":"Simon","text":""}}
2021-05-26 23:09:23(0) - info - 27 - Server - added message: Cards
2021-05-26 23:09:23(0) - info - 28 - Server - {"command":"UpdateUserPanel","params":{"player":"Simon","text":""}}
2021-05-26 23:09:23(0) - info - 27 - Server - added message: Cards
2021-05-26 23:09:23(0) - info - 27 - Server - added message: Cards
2021-05-26 23:09:23(6) - info - 28 - Server - {"command":"UpdateUserPanel","params":{"player":"Simon","text":""}}
2021-05-26 23:09:23(0) - info - 27 - Server - added message: SelectGame
2021-05-26 23:09:23(0) - info - 27 - Server - added message: SelectGame
2021-05-26 23:09:23(0) - info - 27 - Server - added message: SelectGame
2021-05-26 23:09:23(0) - info - 28 - Server - {"command":"UpdateUserPanel","params":{"player":"Simon","text":""}}
2021-05-26 23:09:23(0) - info - 27 - Server - added message: SelectGame
2021-05-26 23:09:23(0) - info - 28 - Server - {"command":"UpdateUserPanel","params":{"player":"Jens","text":""}}
2021-05-26 23:09:23(1886) - info - 27 - Server - Received: request from Volker
2021-05-26 23:09:23(5) - info - 28 - Server - {"command":"UpdateUserPanel","params":{"player":"Jens","text":""}}
2021-05-26 23:09:23(0) - info - 28 - Server - {"command":"UpdateUserPanel","params":{"player":"Jens","text":""}}
2021-05-26 23:09:23(6) - info - 28 - Server - {"command":"UpdateUserPanel","params":{"player":"Jens","text":""}}
2021-05-26 23:09:23(3) - info - 28 - Server - {"command":"Cards","params":{"cards":["Karo Bube","Karo Koenig","Karo Ass","Kreuz Koenig","Herz Bube","Kreuz Dame","Kreuz Dame","Karo Ass","Herz Dame","Pik Bube"]}}
2021-05-26 23:09:23(3) - info - 28 - Server - {"command":"Cards","params":{"cards":["Karo 10","Pik Ass","Pik Koenig","Pik Koenig","Herz Ass","Herz Koenig","Kreuz Ass","Kreuz Bube","Kreuz 10","Karo Bube"]}}
2021-05-26 23:09:23(3) - info - 28 - Server - {"command":"Cards","params":{"cards":["Kreuz 10","Pik Dame","Herz Ass","Pik 10","Pik Dame","Karo Dame","Herz 10","Herz Bube","Herz 10","Herz Dame"]}}
2021-05-26 23:09:23(2) - info - 28 - Server - {"command":"Cards","params":{"cards":["Herz Koenig","Karo Dame","Karo Koenig","Pik Ass","Pik Bube","Karo 10","Pik 10","Kreuz Koenig","Kreuz Ass","Kreuz Bube"]}}
2021-05-26 23:09:23(1) - info - 28 - Server - {"command":"SelectGame","params":{"0":0}}
2021-05-26 23:09:23(3) - info - 28 - Server - {"command":"SelectGame","params":{"0":0}}
2021-05-26 23:09:23(0) - info - 28 - Server - {"command":"SelectGame","params":{"0":0}}
2021-05-26 23:09:23(8) - info - 28 - Server - {"command":"SelectGame","params":{"0":0}}
2021-05-26 23:09:27(3902) - info - 27 - Server - messages to handle: 1
2021-05-26 23:09:27(3936) - info - 27 - Server - Received: GameSelected from Thomas
2021-05-26 23:09:27(0) - info - 27 - Server - added message: DisplayMessage
2021-05-26 23:09:27(11) - info - 28 - Server - {"command":"DisplayMessage","params":{"message":"Warte auf 3 Spieler"}}
2021-05-26 23:09:28(1152) - info - 27 - Server - messages to handle: 1
2021-05-26 23:09:28(1163) - info - 27 - Server - Received: GameSelected from Simon
2021-05-26 23:09:28(10) - info - 27 - Server - added message: DisplayMessage
2021-05-26 23:09:28(0) - info - 27 - Server - added message: DisplayMessage
2021-05-26 23:09:28(0) - info - 28 - Server - {"command":"DisplayMessage","params":{"message":"Warte auf 2 Spieler"}}
2021-05-26 23:09:28(0) - info - 28 - Server - {"command":"DisplayMessage","params":{"message":"Warte auf 2 Spieler"}}
2021-05-26 23:09:29(971) - info - 27 - Server - messages to handle: 1
2021-05-26 23:09:29(981) - info - 27 - Server - Received: GameSelected from Jens
2021-05-26 23:09:29(0) - info - 27 - Server - added message: DisplayMessage
2021-05-26 23:09:29(0) - info - 27 - Server - added message: DisplayMessage
2021-05-26 23:09:29(11) - info - 27 - Server - added message: DisplayMessage
2021-05-26 23:09:29(11) - info - 28 - Server - {"command":"DisplayMessage","params":{"message":"Warte auf 1 Spieler"}}
2021-05-26 23:09:29(0) - info - 28 - Server - {"command":"DisplayMessage","params":{"message":"Warte auf 1 Spieler"}}
2021-05-26 23:09:29(0) - info - 28 - Server - {"command":"DisplayMessage","params":{"message":"Warte auf 1 Spieler"}}
2021-05-26 23:09:31(1792) - info - 27 - Server - messages to handle: 1
2021-05-26 23:09:31(1803) - info - 27 - Server - Received: GameSelected from Volker
2021-05-26 23:09:31(10) - info - 27 - Server - Armutplayer= 1
2021-05-26 23:09:31(0) - info - 27 - Server - korrValue= 1
2021-05-26 23:09:31(0) - info - 27 - Server - i= 0
2021-05-26 23:09:31(0) - info - 27 - Server - p= 2
2021-05-26 23:09:31(0) - info - 27 - Server - korrValue= 1
2021-05-26 23:09:31(0) - info - 27 - Server - i= 1
2021-05-26 23:09:31(0) - info - 27 - Server - p= 3
2021-05-26 23:09:31(0) - info - 27 - Server - korrValue= 1
2021-05-26 23:09:31(0) - info - 27 - Server - i= 2
2021-05-26 23:09:31(0) - info - 27 - Server - p= 4
2021-05-26 23:09:31(10) - info - 27 - Server - added message: DisplayMessage
2021-05-26 23:09:31(0) - info - 27 - Server - added message: DisplayMessage
2021-05-26 23:09:31(0) - info - 27 - Server - added message: DisplayMessage
2021-05-26 23:09:31(0) - info - 27 - Server - added message: DisplayMessage
2021-05-26 23:09:31(0) - info - 28 - Server - {"command":"DisplayMessage","params":{"message":"Thomas hat nur 3 Trumpf."}}
2021-05-26 23:09:31(0) - info - 27 - Server - added message: SelectCards4Armut
2021-05-26 23:09:31(11) - info - 28 - Server - {"command":"DisplayMessage","params":{"message":"Thomas hat nur 3 Trumpf."}}
2021-05-26 23:09:31(0) - info - 28 - Server - {"command":"DisplayMessage","params":{"message":"Thomas hat nur 3 Trumpf."}}
2021-05-26 23:09:31(0) - info - 28 - Server - {"command":"DisplayMessage","params":{"message":"Thomas hat nur 3 Trumpf."}}
2021-05-26 23:09:31(5) - info - 28 - Server - {"command":"SelectCards4Armut","params":{"message":"Alle Trümpfe auswählen"}}
2021-05-26 23:09:33(2075) - info - 27 - Server - messages to handle: 1
2021-05-26 23:09:33(2091) - info - 27 - Server - Received: SendCards from Thomas
2021-05-26 23:09:33(11) - info - 27 - Server - Ask <html>Simon<br>2<br>Kreuz 10<br>Pik Dame<br>Herz Ass<br>Pik 10<br>Pik Dame<br>Karo Dame<br>Herz 10<br>Herz Bube<br>Herz 10<br>Herz Dame<br>
2021-05-26 23:09:33(11) - info - 27 - Server - added message: GetArmut
2021-05-26 23:09:33(0) - info - 28 - Server - {"command":"GetArmut","params":{"player":-1}}
2021-05-26 23:09:34(1290) - info - 27 - Server - messages to handle: 1
2021-05-26 23:09:34(1301) - info - 27 - Server - Received: GetArmut from Simon
2021-05-26 23:09:34(11) - info - 27 - Server - added message: SendCards
2021-05-26 23:09:34(0) - info - 28 - Server - {"command":"SendCards","params":{"cards":["Kreuz Bube","Karo Bube","Karo 10"],"receiver":"reich"}}
2021-05-26 23:09:34(0) - info - 27 - Server - added message: DisplayMessage
2021-05-26 23:09:34(0) - info - 27 - Server - added message: DisplayMessage
2021-05-26 23:09:34(0) - info - 28 - Server - {"command":"DisplayMessage","params":{"message":"Simon nimmt die Armut auf"}}
2021-05-26 23:09:34(0) - info - 27 - Server - added message: DisplayMessage
2021-05-26 23:09:34(11) - info - 28 - Server - {"command":"DisplayMessage","params":{"message":"Simon nimmt die Armut auf"}}
2021-05-26 23:09:34(5) - info - 28 - Server - {"command":"DisplayMessage","params":{"message":"Simon nimmt die Armut auf"}}
2021-05-26 23:09:44(9607) - info - 27 - Server - messages to handle: 1
2021-05-26 23:09:44(9623) - info - 27 - Server - Received: SendCards from Simon
2021-05-26 23:09:44(4) - info - 27 - Server - added message: DisplayMessage
2021-05-26 23:09:44(4) - info - 27 - Server - added message: DisplayMessage
2021-05-26 23:09:44(4) - info - 27 - Server - added message: DisplayMessage
2021-05-26 23:09:44(0) - info - 27 - Server - added message: DisplayMessage
2021-05-26 23:09:44(0) - info - 27 - Server - added message: SendCards
2021-05-26 23:09:44(8) - info - 28 - Server - {"command":"DisplayMessage","params":{"message":"Thomas bekommt 0 Trumpf zurück"}}
2021-05-26 23:09:44(1) - info - 28 - Server - {"command":"DisplayMessage","params":{"message":"Thomas bekommt 0 Trumpf zurück"}}
2021-05-26 23:09:44(0) - info - 28 - Server - {"command":"DisplayMessage","params":{"message":"Thomas bekommt 0 Trumpf zurück"}}
2021-05-26 23:09:44(7) - info - 28 - Server - {"command":"DisplayMessage","params":{"message":"Thomas bekommt 0 Trumpf zurück"}}
2021-05-26 23:09:44(3) - info - 28 - Server - {"command":"SendCards","params":{"cards":["Kreuz 10","Herz Ass","Pik 10"],"receiver":"arm"}}
2021-05-26 23:09:50(6220) - info - 27 - Server - messages to handle: 1
2021-05-26 23:09:50(6251) - info - 27 - Server - Received: cardReturned from Thomas
2021-05-26 23:09:50(0) - info - 27 - Server - added message: GameType
2021-05-26 23:09:50(0) - info - 27 - Server - added message: GameType
2021-05-26 23:09:50(4) - info - 27 - Server - added message: GameType
2021-05-26 23:09:50(0) - info - 27 - Server - added message: GameType
2021-05-26 23:09:50(0) - info - 28 - Server - {"command":"GameType","params":{"GameType":"Armut"}}
2021-05-26 23:09:50(4) - info - 27 - Server - added message: wait4Player
2021-05-26 23:09:50(0) - info - 27 - Server - added message: wait4Player
2021-05-26 23:09:50(0) - info - 28 - Server - {"command":"GameType","params":{"GameType":"Armut"}}
2021-05-26 23:09:50(0) - info - 27 - Server - added message: wait4Player
2021-05-26 23:09:50(4) - info - 28 - Server - {"command":"GameType","params":{"GameType":"Armut"}}
2021-05-26 23:09:50(4) - info - 27 - Server - added message: wait4Player
2021-05-26 23:09:50(4) - info - 28 - Server - {"command":"GameType","params":{"GameType":"Armut"}}
2021-05-26 23:09:50(4) - info - 28 - Server - {"command":"wait4Player","params":{"player":"Volker"}}
2021-05-26 23:09:50(4) - info - 28 - Server - {"command":"wait4Player","params":{"player":"Volker"}}
2021-05-26 23:09:50(4) - info - 28 - Server - {"command":"wait4Player","params":{"player":"Volker"}}
2021-05-26 23:09:50(9) - info - 28 - Server - {"command":"wait4Player","params":{"player":"Volker"}}
2021-05-26 23:09:50(44) - info - 27 - Server - messages to handle: 1
2021-05-26 23:09:50(81) - info - 27 - Server - Received: SchweinExists from Volker
2021-05-26 23:10:54(64359) - info - 27 - Server - messages to handle: 1
2021-05-26 23:10:54(64360) - info - 27 - Server - Received: LastStich from Thomas
