2021-02-22 21:48:32 - info - 26 - Stich - Fuchs gefangen
2021-02-22 22:57:14 - info - 27 - Stich - Doppelkopf
2021-02-22 23:09:46 - info - 27 - Stich - Doppelkopf
2021-02-27 16:16:12 - info - 26 - Stich - Fuchs gefangen
2021-02-27 16:16:20 - info - 26 - Stich - Fuchs gefangen
2021-02-27 16:23:42 - info - 26 - Stich - Fuchs gefangen
2021-02-27 16:23:50 - info - 26 - Stich - Fuchs gefangen
2021-02-27 16:27:00 - info - 26 - Stich - Fuchs gefangen
2021-02-27 20:30:05 - info - 27 - Stich - Fuchs gefangen
2021-02-27 20:30:09 - info - 27 - Stich - Fuchs gefangen
2021-02-27 20:34:14 - info - 27 - Stich - Fuchs gefangen
2021-03-04 21:31:16 - info - 26 - Stich - Fuchs gefangen
2021-03-04 21:35:15 - info - 26 - Stich - Fuchs gefangen
2021-03-04 21:46:06 - info - 26 - Stich - Doppelkopf
2021-03-04 21:48:18 - info - 26 - Stich - Karlchen
2021-03-04 22:00:05 - info - 26 - Stich - Fuchs gefangen
2021-03-04 22:00:49 - info - 26 - Stich - Doppelkopf
2021-03-04 22:05:09 - info - 26 - Stich - Karlchen
2021-03-06 19:36:14 - info - 27 - Stich - Doppelkopf
2021-03-06 19:54:33 - info - 27 - Stich - Doppelkopf
2021-03-06 19:54:50 - info - 27 - Stich - Fuchs gefangen
2021-03-06 19:54:52 - info - 27 - Stich - Fuchs gefangen
2021-03-06 21:11:10 - info - 27 - Stich - Fuchs gefangen
2021-03-06 21:12:05 - info - 27 - Stich - Fuchs gefangen
2021-03-07 17:43:41(29068) - info - 27 - Stich - Fuchs gefangen
2021-03-07 17:43:46(4558) - info - 27 - Stich - Fuchs gefangen
2021-03-07 18:18:45(35410) - info - 26 - Stich - Fuchs gefangen
2021-03-07 18:21:31(166246) - info - 26 - Stich - Fuchs gefangen
2021-03-07 18:21:36(5443) - info - 26 - Stich - Fuchs gefangen
2021-03-07 18:23:40(123251) - info - 26 - Stich - Fuchs gefangen
2021-03-07 18:48:44(1503865) - info - 26 - Stich - Doppelkopf
2021-03-07 18:48:58(14348) - info - 26 - Stich - Karlchen
2021-03-07 18:52:01(183089) - info - 26 - Stich - Karlchen
2021-03-07 18:56:03(242108) - info - 26 - Stich - Fuchs gefangen
2021-03-07 18:56:15(12229) - info - 26 - Stich - Fuchs gefangen
2021-03-27 18:40:25(277601) - info - 27 - Stich - Doppelkopf
2021-03-27 18:41:15(50072) - info - 27 - Stich - Fuchs gefangen
